PYTHONIOENCODING: utf-8
Original X_train shape: (1132, 1, 4)
Original X_test shape: (126, 1, 4)
Starting model training...
Epoch 1/100

[1m  1/142[0m [37mâ”â”â”â”â”â”â”â”â”â”â”â”â”â”â”â”â”â”â”â”[0m [1m3:41[0m 2s/step - loss: 320649297920.0000
[1m 38/142[0m [32mâ”â”â”â”â”[0m[37mâ”â”â”â”â”â”â”â”â”â”â”â”â”â”â”[0m [1m0s[0m 1ms/step - loss: 483193880576.0000 
[1m 78/142[0m [32mâ”â”â”â”â”â”â”â”â”â”[0m[37mâ”â”â”â”â”â”â”â”â”â”[0m [1m0s[0m 1ms/step - loss: 452034953216.0000
[1m121/142[0m [32mâ”â”â”â”â”â”â”â”â”â”â”â”â”â”â”â”â”[0m[37mâ”â”â”[0m [1m0s[0m 1ms/step - loss: 394174136320.0000
[1m142/142[0m [32mâ”â”â”â”â”â”â”â”â”â”â”â”â”â”â”â”â”â”â”â”[0m[37m[0m [1m2s[0m 1ms/step - loss: 370045485056.0000
Epoch 2/100

[1m  1/142[0m [37mâ”â”â”â”â”â”â”â”â”â”â”â”â”â”â”â”â”â”â”â”[0m [1m4s[0m 33ms/step - loss: 39312506880.0000
[1m 41/142[0m [32mâ”â”â”â”â”[0m[37mâ”â”â”â”â”â”â”â”â”â”â”â”â”â”â”[0m [1m0s[0m 1ms/step - loss: 58981572608.0000 
[1m 89/142[0m [32mâ”â”â”â”â”â”â”â”â”â”â”â”[0m[37mâ”â”â”â”â”â”â”â”[0m [1m0s[0m 1ms/step - loss: 49457844224.0000
[1m134/142[0m [32mâ”â”â”â”â”â”â”â”â”â”â”â”â”â”â”â”â”â”[0m[37mâ”â”[0m [1m0s[0m 1ms/step - loss: 41240207360.0000
[1m142/142[0m [32mâ”â”â”â”â”â”â”â”â”â”â”â”â”â”â”â”â”â”â”â”[0m[37m[0m [1m0s[0m 1ms/step - loss: 39920492544.0000
Epoch 3/100

[1m  1/142[0m [37mâ”â”â”â”â”â”â”â”â”â”â”â”â”â”â”â”â”â”â”â”[0m [1m4s[0m 32ms/step - loss: 592791616.0000
[1m 39/142[0m [32mâ”â”â”â”â”[0m[37mâ”â”â”â”â”â”â”â”â”â”â”â”â”â”â”[0m [1m0s[0m 1ms/step - loss: 726120576.0000 
[1m 98/142[0m [32mâ”â”â”â”â”â”â”â”â”â”â”â”â”[0m[37mâ”â”â”â”â”â”â”[0m [1m0s[0m 1ms/step - loss: 528464960.0000
[1m142/142[0m [32mâ”â”â”â”â”â”â”â”â”â”â”â”â”â”â”â”â”â”â”â”[0m[37m[0m [1m0s[0m 1ms/step - loss: 430324032.0000
Epoch 4/100

[1m  1/142[0m [37mâ”â”â”â”â”â”â”â”â”â”â”â”â”â”â”â”â”â”â”â”[0m [1m3s[0m 27ms/step - loss: 201348.7656
[1m 51/142[0m [32mâ”â”â”â”â”â”â”[0m[37mâ”â”â”â”â”â”â”â”â”â”â”â”â”[0m [1m0s[0m 1ms/step - loss: 189679.7344 
[1m 97/142[0m [32mâ”â”â”â”â”â”â”â”â”â”â”â”â”[0m[37mâ”â”â”â”â”â”â”[0m [1m0s[0m 1ms/step - loss: 141233.6719
[1m142/142[0m [32mâ”â”â”â”â”â”â”â”â”â”â”â”â”â”â”â”â”â”â”â”[0m[37m[0m [1m0s[0m 1ms/step - loss: 112859.4844
Epoch 5/100

[1m  1/142[0m [37mâ”â”â”â”â”â”â”â”â”â”â”â”â”â”â”â”â”â”â”â”[0m [1m5s[0m 40ms/step - loss: 5.3625
[1m 47/142[0m [32mâ”â”â”â”â”â”[0m[37mâ”â”â”â”â”â”â”â”â”â”â”â”â”â”[0m [1m0s[0m 1ms/step - loss: 39.6069
[1m 90/142[0m [32mâ”â”â”â”â”â”â”â”â”â”â”â”[0m[37mâ”â”â”â”â”â”â”â”[0m [1m0s[0m 1ms/step - loss: 50.6756
[1m136/142[0m [32mâ”â”â”â”â”â”â”â”â”â”â”â”â”â”â”â”â”â”â”[0m[37mâ”[0m [1m0s[0m 1ms/step - loss: 51.0790
[1m142/142[0m [32mâ”â”â”â”â”â”â”â”â”â”â”â”â”â”â”â”â”â”â”â”[0m[37m[0m [1m0s[0m 1ms/step - loss: 50.8717
Epoch 6/100

[1m  1/142[0m [37mâ”â”â”â”â”â”â”â”â”â”â”â”â”â”â”â”â”â”â”â”[0m [1m4s[0m 32ms/step - loss: 3.6058
[1m 46/142[0m [32mâ”â”â”â”â”â”[0m[37mâ”â”â”â”â”â”â”â”â”â”â”â”â”â”[0m [1m0s[0m 1ms/step - loss: 31.2855
[1m102/142[0m [32mâ”â”â”â”â”â”â”â”â”â”â”â”â”â”[0m[37mâ”â”â”â”â”â”[0m [1m0s[0m 1ms/step - loss: 45.2042
[1m142/142[0m [32mâ”â”â”â”â”â”â”â”â”â”â”â”â”â”â”â”â”â”â”â”[0m[37m[0m [1m0s[0m 1ms/step - loss: 45.6311
Epoch 7/100

[1m  1/142[0m [37mâ”â”â”â”â”â”â”â”â”â”â”â”â”â”â”â”â”â”â”â”[0m [1m3s[0m 26ms/step - loss: 3.5816
[1m 41/142[0m [32mâ”â”â”â”â”[0m[37mâ”â”â”â”â”â”â”â”â”â”â”â”â”â”â”[0m [1m0s[0m 1ms/step - loss: 29.0334
[1m 85/142[0m [32mâ”â”â”â”â”â”â”â”â”â”â”[0m[37mâ”â”â”â”â”â”â”â”â”[0m [1m0s[0m 1ms/step - loss: 42.8359
[1m131/142[0m [32mâ”â”â”â”â”â”â”â”â”â”â”â”â”â”â”â”â”â”[0m[37mâ”â”[0m [1m0s[0m 1ms/step - loss: 45.2111
[1m142/142[0m [32mâ”â”â”â”â”â”â”â”â”â”â”â”â”â”â”â”â”â”â”â”[0m[37m[0m [1m0s[0m 1ms/step - loss: 45.2015
Epoch 8/100

[1m  1/142[0m [37mâ”â”â”â”â”â”â”â”â”â”â”â”â”â”â”â”â”â”â”â”[0m [1m5s[0m 37ms/step - loss: 3.6116
[1m 32/142[0m [32mâ”â”â”â”[0m[37mâ”â”â”â”â”â”â”â”â”â”â”â”â”â”â”â”[0m [1m0s[0m 2ms/step - loss: 25.1379
[1m 62/142[0m [32mâ”â”â”â”â”â”â”â”[0m[37mâ”â”â”â”â”â”â”â”â”â”â”â”[0m [1m0s[0m 2ms/step - loss: 34.7902
[1m 89/142[0m [32mâ”â”â”â”â”â”â”â”â”â”â”â”[0m[37mâ”â”â”â”â”â”â”â”[0m [1m0s[0m 2ms/step - loss: 41.9490
[1m117/142[0m [32mâ”â”â”â”â”â”â”â”â”â”â”â”â”â”â”â”[0m[37mâ”â”â”â”[0m [1m0s[0m 2ms/step - loss: 43.8584
[1m137/142[0m [32mâ”â”â”â”â”â”â”â”â”â”â”â”â”â”â”â”â”â”â”[0m[37mâ”[0m [1m0s[0m 2ms/step - loss: 43.9386
[1m142/142[0m [32mâ”â”â”â”â”â”â”â”â”â”â”â”â”â”â”â”â”â”â”â”[0m[37m[0m [1m0s[0m 2ms/step - loss: 43.9300
Epoch 9/100

[1m  1/142[0m [37mâ”â”â”â”â”â”â”â”â”â”â”â”â”â”â”â”â”â”â”â”[0m [1m10s[0m 72ms/step - loss: 3.6236
[1m 21/142[0m [32mâ”â”[0m[37mâ”â”â”â”â”â”â”â”â”â”â”â”â”â”â”â”â”â”[0m [1m0s[0m 3ms/step - loss: 14.6811 
[1m 45/142[0m [32mâ”â”â”â”â”â”[0m[37mâ”â”â”â”â”â”â”â”â”â”â”â”â”â”[0m [1m0s[0m 3ms/step - loss: 26.7927
[1m 72/142[0m [32mâ”â”â”â”â”â”â”â”â”â”[0m[37mâ”â”â”â”â”â”â”â”â”â”[0m [1m0s[0m 2ms/step - loss: 37.1601
[1m 89/142[0m [32mâ”â”â”â”â”â”â”â”â”â”â”â”[0m[37mâ”â”â”â”â”â”â”â”[0m [1m0s[0m 3ms/step - loss: 40.6513
[1m104/142[0m [32mâ”â”â”â”â”â”â”â”â”â”â”â”â”â”[0m[37mâ”â”â”â”â”â”[0m [1m0s[0m 3ms/step - loss: 42.0740
[1m142/142[0m [32mâ”â”â”â”â”â”â”â”â”â”â”â”â”â”â”â”â”â”â”â”[0m[37m[0m [1m0s[0m 2ms/step - loss: 42.8454
Epoch 10/100

[1m  1/142[0m [37mâ”â”â”â”â”â”â”â”â”â”â”â”â”â”â”â”â”â”â”â”[0m [1m4s[0m 31ms/step - loss: 3.6547
[1m 27/142[0m [32mâ”â”â”[0m[37mâ”â”â”â”â”â”â”â”â”â”â”â”â”â”â”â”â”[0m [1m0s[0m 2ms/step - loss: 20.5349
[1m 61/142[0m [32mâ”â”â”â”â”â”â”â”[0m[37mâ”â”â”â”â”â”â”â”â”â”â”â”[0m [1m0s[0m 2ms/step - loss: 32.4158
[1m 78/142[0m [32mâ”â”â”â”â”â”â”â”â”â”[0m[37mâ”â”â”â”â”â”â”â”â”â”[0m [1m0s[0m 2ms/step - loss: 37.9488
[1m108/142[0m [32mâ”â”â”â”â”â”â”â”â”â”â”â”â”â”â”[0m[37mâ”â”â”â”â”[0m [1m0s[0m 2ms/step - loss: 41.3581
[1m131/142[0m [32mâ”â”â”â”â”â”â”â”â”â”â”â”â”â”â”â”â”â”[0m[37mâ”â”[0m [1m0s[0m 2ms/step - loss: 41.8154
[1m142/142[0m [32mâ”â”â”â”â”â”â”â”â”â”â”â”â”â”â”â”â”â”â”â”[0m[37m[0m [1m0s[0m 2ms/step - loss: 41.9119
Epoch 11/100

[1m  1/142[0m [37mâ”â”â”â”â”â”â”â”â”â”â”â”â”â”â”â”â”â”â”â”[0m [1m54s[0m 387ms/step - loss: 3.8025
[1m 41/142[0m [32mâ”â”â”â”â”[0m[37mâ”â”â”â”â”â”â”â”â”â”â”â”â”â”â”[0m [1m0s[0m 1ms/step - loss: 24.0261  
[1m 75/142[0m [32mâ”â”â”â”â”â”â”â”â”â”[0m[37mâ”â”â”â”â”â”â”â”â”â”[0m [1m0s[0m 1ms/step - loss: 36.4169
[1m115/142[0m [32mâ”â”â”â”â”â”â”â”â”â”â”â”â”â”â”â”[0m[37mâ”â”â”â”[0m [1m0s[0m 1ms/step - loss: 40.8187
[1m142/142[0m [32mâ”â”â”â”â”â”â”â”â”â”â”â”â”â”â”â”â”â”â”â”[0m[37m[0m [1m1s[0m 1ms/step - loss: 41.1401
Epoch 12/100

[1m  1/142[0m [37mâ”â”â”â”â”â”â”â”â”â”â”â”â”â”â”â”â”â”â”â”[0m [1m5s[0m 36ms/step - loss: 3.9472
[1m 42/142[0m [32mâ”â”â”â”â”[0m[37mâ”â”â”â”â”â”â”â”â”â”â”â”â”â”â”[0m [1m0s[0m 1ms/step - loss: 23.3482
[1m 82/142[0m [32mâ”â”â”â”â”â”â”â”â”â”â”[0m[37mâ”â”â”â”â”â”â”â”â”[0m [1m0s[0m 1ms/step - loss: 36.6799
[1m123/142[0m [32mâ”â”â”â”â”â”â”â”â”â”â”â”â”â”â”â”â”[0m[37mâ”â”â”[0m [1m0s[0m 1ms/step - loss: 39.7669
[1m142/142[0m [32mâ”â”â”â”â”â”â”â”â”â”â”â”â”â”â”â”â”â”â”â”[0m[37m[0m [1m0s[0m 1ms/step - loss: 39.9630
Epoch 13/100

[1m  1/142[0m [37mâ”â”â”â”â”â”â”â”â”â”â”â”â”â”â”â”â”â”â”â”[0m [1m4s[0m 35ms/step - loss: 4.2200
[1m 51/142[0m [32mâ”â”â”â”â”â”â”[0m[37mâ”â”â”â”â”â”â”â”â”â”â”â”â”[0m [1m0s[0m 1ms/step - loss: 25.8561
[1m 92/142[0m [32mâ”â”â”â”â”â”â”â”â”â”â”â”[0m[37mâ”â”â”â”â”â”â”â”[0m [1m0s[0m 1ms/step - loss: 37.1448
[1m131/142[0m [32mâ”â”â”â”â”â”â”â”â”â”â”â”â”â”â”â”â”â”[0m[37mâ”â”[0m [1m0s[0m 1ms/step - loss: 39.1731
[1m142/142[0m [32mâ”â”â”â”â”â”â”â”â”â”â”â”â”â”â”â”â”â”â”â”[0m[37m[0m [1m0s[0m 1ms/step - loss: 39.3365
Epoch 14/100

[1m  1/142[0m [37mâ”â”â”â”â”â”â”â”â”â”â”â”â”â”â”â”â”â”â”â”[0m [1m26s[0m 190ms/step - loss: 4.4716
[1m 25/142[0m [32mâ”â”â”[0m[37mâ”â”â”â”â”â”â”â”â”â”â”â”â”â”â”â”â”[0m [1m0s[0m 2ms/step - loss: 16.6572  
[1m 49/142[0m [32mâ”â”â”â”â”â”[0m[37mâ”â”â”â”â”â”â”â”â”â”â”â”â”â”[0m [1m0s[0m 2ms/step - loss: 24.4418
[1m 79/142[0m [32mâ”â”â”â”â”â”â”â”â”â”â”[0m[37mâ”â”â”â”â”â”â”â”â”[0m [1m0s[0m 2ms/step - loss: 34.4314
[1m107/142[0m [32mâ”â”â”â”â”â”â”â”â”â”â”â”â”â”â”[0m[37mâ”â”â”â”â”[0m [1m0s[0m 2ms/step - loss: 37.3253
[1m129/142[0m [32mâ”â”â”â”â”â”â”â”â”â”â”â”â”â”â”â”â”â”[0m[37mâ”â”[0m [1m0s[0m 2ms/step - loss: 38.0055
[1m142/142[0m [32mâ”â”â”â”â”â”â”â”â”â”â”â”â”â”â”â”â”â”â”â”[0m[37m[0m [1m0s[0m 2ms/step - loss: 38.1912
Epoch 15/100

[1m  1/142[0m [37mâ”â”â”â”â”â”â”â”â”â”â”â”â”â”â”â”â”â”â”â”[0m [1m8s[0m 58ms/step - loss: 4.5896
[1m 14/142[0m [32mâ”[0m[37mâ”â”â”â”â”â”â”â”â”â”â”â”â”â”â”â”â”â”â”[0m [1m0s[0m 5ms/step - loss: 6.8370 
[1m 35/142[0m [32mâ”â”â”â”[0m[37mâ”â”â”â”â”â”â”â”â”â”â”â”â”â”â”â”[0m [1m0s[0m 3ms/step - loss: 20.2489
[1m 77/142[0m [32mâ”â”â”â”â”â”â”â”â”â”[0m[37mâ”â”â”â”â”â”â”â”â”â”[0m [1m0s[0m 2ms/step - loss: 33.6053
[1m122/142[0m [32mâ”â”â”â”â”â”â”â”â”â”â”â”â”â”â”â”â”[0m[37mâ”â”â”[0m [1m0s[0m 2ms/step - loss: 37.3574
[1m142/142[0m [32mâ”â”â”â”â”â”â”â”â”â”â”â”â”â”â”â”â”â”â”â”[0m[37m[0m [1m0s[0m 2ms/step - loss: 37.6497
Epoch 16/100

[1m  1/142[0m [37mâ”â”â”â”â”â”â”â”â”â”â”â”â”â”â”â”â”â”â”â”[0m [1m5s[0m 38ms/step - loss: 4.8882
[1m 42/142[0m [32mâ”â”â”â”â”[0m[37mâ”â”â”â”â”â”â”â”â”â”â”â”â”â”â”[0m [1m0s[0m 1ms/step - loss: 22.0286
[1m 60/142[0m [32mâ”â”â”â”â”â”â”â”[0m[37mâ”â”â”â”â”â”â”â”â”â”â”â”[0m [1m0s[0m 2ms/step - loss: 28.5965
[1m 77/142[0m [32mâ”â”â”â”â”â”â”â”â”â”[0m[37mâ”â”â”â”â”â”â”â”â”â”[0m [1m0s[0m 2ms/step - loss: 33.0848
[1m 96/142[0m [32mâ”â”â”â”â”â”â”â”â”â”â”â”â”[0m[37mâ”â”â”â”â”â”â”[0m [1m0s[0m 2ms/step - loss: 35.2193
[1m139/142[0m [32mâ”â”â”â”â”â”â”â”â”â”â”â”â”â”â”â”â”â”â”[0m[37mâ”[0m [1m0s[0m 2ms/step - loss: 36.9472
[1m142/142[0m [32mâ”â”â”â”â”â”â”â”â”â”â”â”â”â”â”â”â”â”â”â”[0m[37m[0m [1m0s[0m 2ms/step - loss: 36.9889
Epoch 17/100

[1m  1/142[0m [37mâ”â”â”â”â”â”â”â”â”â”â”â”â”â”â”â”â”â”â”â”[0m [1m4s[0m 31ms/step - loss: 5.1619
[1m 51/142[0m [32mâ”â”â”â”â”â”â”[0m[37mâ”â”â”â”â”â”â”â”â”â”â”â”â”[0m [1m0s[0m 1ms/step - loss: 25.3036
[1m 98/142[0m [32mâ”â”â”â”â”â”â”â”â”â”â”â”â”[0m[37mâ”â”â”â”â”â”â”[0m [1m0s[0m 1ms/step - loss: 35.2300
[1m142/142[0m [32mâ”â”â”â”â”â”â”â”â”â”â”â”â”â”â”â”â”â”â”â”[0m[37m[0m [1m0s[0m 1ms/step - loss: 36.7078
[1m142/142[0m [32mâ”â”â”â”â”â”â”â”â”â”â”â”â”â”â”â”â”â”â”â”[0m[37m[0m [1m0s[0m 1ms/step - loss: 36.7172
Epoch 18/100

[1m  1/142[0m [37mâ”â”â”â”â”â”â”â”â”â”â”â”â”â”â”â”â”â”â”â”[0m [1m5s[0m 37ms/step - loss: 5.2937
[1m 43/142[0m [32mâ”â”â”â”â”â”[0m[37mâ”â”â”â”â”â”â”â”â”â”â”â”â”â”[0m [1m0s[0m 1ms/step - loss: 22.4347
[1m 85/142[0m [32mâ”â”â”â”â”â”â”â”â”â”â”[0m[37mâ”â”â”â”â”â”â”â”â”[0m [1m0s[0m 1ms/step - loss: 33.4072
[1m125/142[0m [32mâ”â”â”â”â”â”â”â”â”â”â”â”â”â”â”â”â”[0m[37mâ”â”â”[0m [1m0s[0m 1ms/step - loss: 35.7543
[1m142/142[0m [32mâ”â”â”â”â”â”â”â”â”â”â”â”â”â”â”â”â”â”â”â”[0m[37m[0m [1m0s[0m 1ms/step - loss: 36.0085
Epoch 19/100

[1m  1/142[0m [37mâ”â”â”â”â”â”â”â”â”â”â”â”â”â”â”â”â”â”â”â”[0m [1m5s[0m 39ms/step - loss: 5.3610
[1m 44/142[0m [32mâ”â”â”â”â”â”[0m[37mâ”â”â”â”â”â”â”â”â”â”â”â”â”â”[0m [1m0s[0m 1ms/step - loss: 22.6730
[1m 87/142[0m [32mâ”â”â”â”â”â”â”â”â”â”â”â”[0m[37mâ”â”â”â”â”â”â”â”[0m [1m0s[0m 1ms/step - loss: 32.9899
[1m130/142[0m [32mâ”â”â”â”â”â”â”â”â”â”â”â”â”â”â”â”â”â”[0m[37mâ”â”[0m [1m0s[0m 1ms/step - loss: 35.0650
[1m142/142[0m [32mâ”â”â”â”â”â”â”â”â”â”â”â”â”â”â”â”â”â”â”â”[0m[37m[0m [1m0s[0m 1ms/step - loss: 35.2718
Epoch 20/100

[1m  1/142[0m [37mâ”â”â”â”â”â”â”â”â”â”â”â”â”â”â”â”â”â”â”â”[0m [1m5s[0m 36ms/step - loss: 5.6347
[1m 42/142[0m [32mâ”â”â”â”â”[0m[37mâ”â”â”â”â”â”â”â”â”â”â”â”â”â”â”[0m [1m0s[0m 1ms/step - loss: 21.9681
[1m 86/142[0m [32mâ”â”â”â”â”â”â”â”â”â”â”â”[0m[37mâ”â”â”â”â”â”â”â”[0m [1m0s[0m 1ms/step - loss: 32.3415
[1m129/142[0m [32mâ”â”â”â”â”â”â”â”â”â”â”â”â”â”â”â”â”â”[0m[37mâ”â”[0m [1m0s[0m 1ms/step - loss: 34.4069
[1m142/142[0m [32mâ”â”â”â”â”â”â”â”â”â”â”â”â”â”â”â”â”â”â”â”[0m[37m[0m [1m0s[0m 1ms/step - loss: 34.6254
Epoch 21/100

[1m  1/142[0m [37mâ”â”â”â”â”â”â”â”â”â”â”â”â”â”â”â”â”â”â”â”[0m [1m5s[0m 40ms/step - loss: 5.8749
[1m 43/142[0m [32mâ”â”â”â”â”â”[0m[37mâ”â”â”â”â”â”â”â”â”â”â”â”â”â”[0m [1m0s[0m 1ms/step - loss: 22.3950
[1m 87/142[0m [32mâ”â”â”â”â”â”â”â”â”â”â”â”[0m[37mâ”â”â”â”â”â”â”â”[0m [1m0s[0m 1ms/step - loss: 31.8928
[1m131/142[0m [32mâ”â”â”â”â”â”â”â”â”â”â”â”â”â”â”â”â”â”[0m[37mâ”â”[0m [1m0s[0m 1ms/step - loss: 33.7519
[1m142/142[0m [32mâ”â”â”â”â”â”â”â”â”â”â”â”â”â”â”â”â”â”â”â”[0m[37m[0m [1m0s[0m 1ms/step - loss: 33.9651
Epoch 22/100

[1m  1/142[0m [37mâ”â”â”â”â”â”â”â”â”â”â”â”â”â”â”â”â”â”â”â”[0m [1m4s[0m 34ms/step - loss: 6.2667
[1m 42/142[0m [32mâ”â”â”â”â”[0m[37mâ”â”â”â”â”â”â”â”â”â”â”â”â”â”â”[0m [1m0s[0m 1ms/step - loss: 22.2361
[1m 85/142[0m [32mâ”â”â”â”â”â”â”â”â”â”â”[0m[37mâ”â”â”â”â”â”â”â”â”[0m [1m0s[0m 1ms/step - loss: 31.3405
[1m131/142[0m [32mâ”â”â”â”â”â”â”â”â”â”â”â”â”â”â”â”â”â”[0m[37mâ”â”[0m [1m0s[0m 1ms/step - loss: 33.2355
[1m142/142[0m [32mâ”â”â”â”â”â”â”â”â”â”â”â”â”â”â”â”â”â”â”â”[0m[37m[0m [1m0s[0m 1ms/step - loss: 33.4540
Epoch 23/100

[1m  1/142[0m [37mâ”â”â”â”â”â”â”â”â”â”â”â”â”â”â”â”â”â”â”â”[0m [1m4s[0m 32ms/step - loss: 6.9043
[1m 42/142[0m [32mâ”â”â”â”â”[0m[37mâ”â”â”â”â”â”â”â”â”â”â”â”â”â”â”[0m [1m0s[0m 1ms/step - loss: 22.5436
[1m 86/142[0m [32mâ”â”â”â”â”â”â”â”â”â”â”â”[0m[37mâ”â”â”â”â”â”â”â”[0m [1m0s[0m 1ms/step - loss: 31.1437
[1m130/142[0m [32mâ”â”â”â”â”â”â”â”â”â”â”â”â”â”â”â”â”â”[0m[37mâ”â”[0m [1m0s[0m 1ms/step - loss: 32.8112
[1m142/142[0m [32mâ”â”â”â”â”â”â”â”â”â”â”â”â”â”â”â”â”â”â”â”[0m[37m[0m [1m0s[0m 1ms/step - loss: 33.0385
Epoch 24/100

[1m  1/142[0m [37mâ”â”â”â”â”â”â”â”â”â”â”â”â”â”â”â”â”â”â”â”[0m [1m5s[0m 43ms/step - loss: 7.5118
[1m 42/142[0m [32mâ”â”â”â”â”[0m[37mâ”â”â”â”â”â”â”â”â”â”â”â”â”â”â”[0m [1m0s[0m 1ms/step - loss: 22.7654
[1m 88/142[0m [32mâ”â”â”â”â”â”â”â”â”â”â”â”[0m[37mâ”â”â”â”â”â”â”â”[0m [1m0s[0m 1ms/step - loss: 30.8475
[1m124/142[0m [32mâ”â”â”â”â”â”â”â”â”â”â”â”â”â”â”â”â”[0m[37mâ”â”â”[0m [1m0s[0m 1ms/step - loss: 32.1704
[1m142/142[0m [32mâ”â”â”â”â”â”â”â”â”â”â”â”â”â”â”â”â”â”â”â”[0m[37m[0m [1m0s[0m 1ms/step - loss: 32.4210
Epoch 25/100

[1m  1/142[0m [37mâ”â”â”â”â”â”â”â”â”â”â”â”â”â”â”â”â”â”â”â”[0m [1m5s[0m 38ms/step - loss: 8.6126
[1m 42/142[0m [32mâ”â”â”â”â”[0m[37mâ”â”â”â”â”â”â”â”â”â”â”â”â”â”â”[0m [1m0s[0m 1ms/step - loss: 22.9503
[1m 69/142[0m [32mâ”â”â”â”â”â”â”â”â”[0m[37mâ”â”â”â”â”â”â”â”â”â”â”[0m [1m0s[0m 1ms/step - loss: 28.4149
[1m 85/142[0m [32mâ”â”â”â”â”â”â”â”â”â”â”[0m[37mâ”â”â”â”â”â”â”â”â”[0m [1m0s[0m 2ms/step - loss: 30.2155
[1m116/142[0m [32mâ”â”â”â”â”â”â”â”â”â”â”â”â”â”â”â”[0m[37mâ”â”â”â”[0m [1m0s[0m 2ms/step - loss: 31.5297
[1m142/142[0m [32mâ”â”â”â”â”â”â”â”â”â”â”â”â”â”â”â”â”â”â”â”[0m[37m[0m [1m0s[0m 2ms/step - loss: 31.8671
Epoch 26/100

[1m  1/142[0m [37mâ”â”â”â”â”â”â”â”â”â”â”â”â”â”â”â”â”â”â”â”[0m [1m4s[0m 32ms/step - loss: 9.9150
[1m 45/142[0m [32mâ”â”â”â”â”â”[0m[37mâ”â”â”â”â”â”â”â”â”â”â”â”â”â”[0m [1m0s[0m 1ms/step - loss: 24.2650
[1m 88/142[0m [32mâ”â”â”â”â”â”â”â”â”â”â”â”[0m[37mâ”â”â”â”â”â”â”â”[0m [1m0s[0m 1ms/step - loss: 30.3232
[1m129/142[0m [32mâ”â”â”â”â”â”â”â”â”â”â”â”â”â”â”â”â”â”[0m[37mâ”â”[0m [1m0s[0m 1ms/step - loss: 31.3804
[1m142/142[0m [32mâ”â”â”â”â”â”â”â”â”â”â”â”â”â”â”â”â”â”â”â”[0m[37m[0m [1m0s[0m 1ms/step - loss: 31.6094
Epoch 27/100

[1m  1/142[0m [37mâ”â”â”â”â”â”â”â”â”â”â”â”â”â”â”â”â”â”â”â”[0m [1m4s[0m 31ms/step - loss: 11.7198
[1m 43/142[0m [32mâ”â”â”â”â”â”[0m[37mâ”â”â”â”â”â”â”â”â”â”â”â”â”â”[0m [1m0s[0m 1ms/step - loss: 24.5386 
[1m 86/142[0m [32mâ”â”â”â”â”â”â”â”â”â”â”â”[0m[37mâ”â”â”â”â”â”â”â”[0m [1m0s[0m 1ms/step - loss: 30.2994
[1m128/142[0m [32mâ”â”â”â”â”â”â”â”â”â”â”â”â”â”â”â”â”â”[0m[37mâ”â”[0m [1m0s[0m 1ms/step - loss: 31.2562
[1m142/142[0m [32mâ”â”â”â”â”â”â”â”â”â”â”â”â”â”â”â”â”â”â”â”[0m[37m[0m [1m0s[0m 1ms/step - loss: 31.4670
Epoch 28/100

[1m  1/142[0m [37mâ”â”â”â”â”â”â”â”â”â”â”â”â”â”â”â”â”â”â”â”[0m [1m4s[0m 32ms/step - loss: 13.7739
[1m 42/142[0m [32mâ”â”â”â”â”[0m[37mâ”â”â”â”â”â”â”â”â”â”â”â”â”â”â”[0m [1m0s[0m 1ms/step - loss: 25.7943 
[1m 86/142[0m [32mâ”â”â”â”â”â”â”â”â”â”â”â”[0m[37mâ”â”â”â”â”â”â”â”[0m [1m0s[0m 1ms/step - loss: 31.0363
[1m129/142[0m [32mâ”â”â”â”â”â”â”â”â”â”â”â”â”â”â”â”â”â”[0m[37mâ”â”[0m [1m0s[0m 1ms/step - loss: 31.7057
[1m142/142[0m [32mâ”â”â”â”â”â”â”â”â”â”â”â”â”â”â”â”â”â”â”â”[0m[37m[0m [1m0s[0m 1ms/step - loss: 31.8836
Epoch 29/100

[1m  1/142[0m [37mâ”â”â”â”â”â”â”â”â”â”â”â”â”â”â”â”â”â”â”â”[0m [1m5s[0m 36ms/step - loss: 16.2276
[1m 41/142[0m [32mâ”â”â”â”â”[0m[37mâ”â”â”â”â”â”â”â”â”â”â”â”â”â”â”[0m [1m0s[0m 1ms/step - loss: 27.1183 
[1m 85/142[0m [32mâ”â”â”â”â”â”â”â”â”â”â”[0m[37mâ”â”â”â”â”â”â”â”â”[0m [1m0s[0m 1ms/step - loss: 31.8981
[1m130/142[0m [32mâ”â”â”â”â”â”â”â”â”â”â”â”â”â”â”â”â”â”[0m[37mâ”â”[0m [1m0s[0m 1ms/step - loss: 32.2874
[1m142/142[0m [32mâ”â”â”â”â”â”â”â”â”â”â”â”â”â”â”â”â”â”â”â”[0m[37m[0m [1m0s[0m 1ms/step - loss: 32.4341
Epoch 30/100

[1m  1/142[0m [37mâ”â”â”â”â”â”â”â”â”â”â”â”â”â”â”â”â”â”â”â”[0m [1m24s[0m 177ms/step - loss: 19.2284
[1m 40/142[0m [32mâ”â”â”â”â”[0m[37mâ”â”â”â”â”â”â”â”â”â”â”â”â”â”â”[0m [1m0s[0m 1ms/step - loss: 29.1926   
[1m 81/142[0m [32mâ”â”â”â”â”â”â”â”â”â”â”[0m[37mâ”â”â”â”â”â”â”â”â”[0m [1m0s[0m 1ms/step - loss: 33.2611
[1m124/142[0m [32mâ”â”â”â”â”â”â”â”â”â”â”â”â”â”â”â”â”[0m[37mâ”â”â”[0m [1m0s[0m 1ms/step - loss: 33.5055
[1m142/142[0m [32mâ”â”â”â”â”â”â”â”â”â”â”â”â”â”â”â”â”â”â”â”[0m[37m[0m [1m0s[0m 1ms/step - loss: 33.4813
Epoch 31/100

[1m  1/142[0m [37mâ”â”â”â”â”â”â”â”â”â”â”â”â”â”â”â”â”â”â”â”[0m [1m4s[0m 34ms/step - loss: 22.4830
[1m 44/142[0m [32mâ”â”â”â”â”â”[0m[37mâ”â”â”â”â”â”â”â”â”â”â”â”â”â”[0m [1m0s[0m 1ms/step - loss: 31.9375 
[1m 88/142[0m [32mâ”â”â”â”â”â”â”â”â”â”â”â”[0m[37mâ”â”â”â”â”â”â”â”[0m [1m0s[0m 1ms/step - loss: 34.9272
[1m132/142[0m [32mâ”â”â”â”â”â”â”â”â”â”â”â”â”â”â”â”â”â”[0m[37mâ”â”[0m [1m0s[0m 1ms/step - loss: 34.5045
[1m142/142[0m [32mâ”â”â”â”â”â”â”â”â”â”â”â”â”â”â”â”â”â”â”â”[0m[37m[0m [1m0s[0m 1ms/step - loss: 34.5544
Epoch 32/100

[1m  1/142[0m [37mâ”â”â”â”â”â”â”â”â”â”â”â”â”â”â”â”â”â”â”â”[0m [1m5s[0m 36ms/step - loss: 25.1218
[1m 46/142[0m [32mâ”â”â”â”â”â”[0m[37mâ”â”â”â”â”â”â”â”â”â”â”â”â”â”[0m [1m0s[0m 1ms/step - loss: 33.8317 
[1m 84/142[0m [32mâ”â”â”â”â”â”â”â”â”â”â”[0m[37mâ”â”â”â”â”â”â”â”â”[0m [1m0s[0m 1ms/step - loss: 36.1240
[1m110/142[0m [32mâ”â”â”â”â”â”â”â”â”â”â”â”â”â”â”[0m[37mâ”â”â”â”â”[0m [1m0s[0m 2ms/step - loss: 35.9573
[1m124/142[0m [32mâ”â”â”â”â”â”â”â”â”â”â”â”â”â”â”â”â”[0m[37mâ”â”â”[0m [1m0s[0m 2ms/step - loss: 35.6551
[1m142/142[0m [32mâ”â”â”â”â”â”â”â”â”â”â”â”â”â”â”â”â”â”â”â”[0m[37m[0m [1m0s[0m 2ms/step - loss: 35.4530
Epoch 33/100

[1m  1/142[0m [37mâ”â”â”â”â”â”â”â”â”â”â”â”â”â”â”â”â”â”â”â”[0m [1m20s[0m 143ms/step - loss: 28.1738
[1m 30/142[0m [32mâ”â”â”â”[0m[37mâ”â”â”â”â”â”â”â”â”â”â”â”â”â”â”â”[0m [1m0s[0m 2ms/step - loss: 32.0522   
[1m 49/142[0m [32mâ”â”â”â”â”â”[0m[37mâ”â”â”â”â”â”â”â”â”â”â”â”â”â”[0m [1m0s[0m 3ms/step - loss: 36.1818
[1m 79/142[0m [32mâ”â”â”â”â”â”â”â”â”â”â”[0m[37mâ”â”â”â”â”â”â”â”â”[0m [1m0s[0m 2ms/step - loss: 37.8052
[1m123/142[0m [32mâ”â”â”â”â”â”â”â”â”â”â”â”â”â”â”â”â”[0m[37mâ”â”â”[0m [1m0s[0m 2ms/step - loss: 37.0929
[1m142/142[0m [32mâ”â”â”â”â”â”â”â”â”â”â”â”â”â”â”â”â”â”â”â”[0m[37m[0m [1m0s[0m 2ms/step - loss: 36.7617
Epoch 34/100

[1m  1/142[0m [37mâ”â”â”â”â”â”â”â”â”â”â”â”â”â”â”â”â”â”â”â”[0m [1m3s[0m 28ms/step - loss: 31.3727
[1m 42/142[0m [32mâ”â”â”â”â”[0m[37mâ”â”â”â”â”â”â”â”â”â”â”â”â”â”â”[0m [1m0s[0m 1ms/step - loss: 37.6054 
[1m 83/142[0m [32mâ”â”â”â”â”â”â”â”â”â”â”[0m[37mâ”â”â”â”â”â”â”â”â”[0m [1m0s[0m 1ms/step - loss: 39.5419
[1m 96/142[0m [32mâ”â”â”â”â”â”â”â”â”â”â”â”â”[0m[37mâ”â”â”â”â”â”â”[0m [1m0s[0m 2ms/step - loss: 39.2640
[1m126/142[0m [32mâ”â”â”â”â”â”â”â”â”â”â”â”â”â”â”â”â”[0m[37mâ”â”â”[0m [1m0s[0m 2ms/step - loss: 38.4024
[1m142/142[0m [32mâ”â”â”â”â”â”â”â”â”â”â”â”â”â”â”â”â”â”â”â”[0m[37m[0m [1m0s[0m 2ms/step - loss: 38.0982
Epoch 35/100

[1m  1/142[0m [37mâ”â”â”â”â”â”â”â”â”â”â”â”â”â”â”â”â”â”â”â”[0m [1m5s[0m 36ms/step - loss: 32.9585
[1m 40/142[0m [32mâ”â”â”â”â”[0m[37mâ”â”â”â”â”â”â”â”â”â”â”â”â”â”â”[0m [1m0s[0m 1ms/step - loss: 38.6676 
[1m 77/142[0m [32mâ”â”â”â”â”â”â”â”â”â”[0m[37mâ”â”â”â”â”â”â”â”â”â”[0m [1m0s[0m 1ms/step - loss: 40.7327
[1m127/142[0m [32mâ”â”â”â”â”â”â”â”â”â”â”â”â”â”â”â”â”[0m[37mâ”â”â”[0m [1m0s[0m 1ms/step - loss: 39.4182
[1m142/142[0m [32mâ”â”â”â”â”â”â”â”â”â”â”â”â”â”â”â”â”â”â”â”[0m[37m[0m [1m0s[0m 1ms/step - loss: 39.1087
Epoch 36/100

[1m  1/142[0m [37mâ”â”â”â”â”â”â”â”â”â”â”â”â”â”â”â”â”â”â”â”[0m [1m4s[0m 33ms/step - loss: 34.3374
[1m 42/142[0m [32mâ”â”â”â”â”[0m[37mâ”â”â”â”â”â”â”â”â”â”â”â”â”â”â”[0m [1m0s[0m 1ms/step - loss: 40.2220 
[1m 93/142[0m [32mâ”â”â”â”â”â”â”â”â”â”â”â”â”[0m[37mâ”â”â”â”â”â”â”[0m [1m0s[0m 1ms/step - loss: 41.8047
[1m136/142[0m [32mâ”â”â”â”â”â”â”â”â”â”â”â”â”â”â”â”â”â”â”[0m[37mâ”[0m [1m0s[0m 1ms/step - loss: 40.3040
[1m142/142[0m [32mâ”â”â”â”â”â”â”â”â”â”â”â”â”â”â”â”â”â”â”â”[0m[37m[0m [1m0s[0m 1ms/step - loss: 40.2357
Epoch 37/100

[1m  1/142[0m [37mâ”â”â”â”â”â”â”â”â”â”â”â”â”â”â”â”â”â”â”â”[0m [1m4s[0m 31ms/step - loss: 34.7513
[1m 48/142[0m [32mâ”â”â”â”â”â”[0m[37mâ”â”â”â”â”â”â”â”â”â”â”â”â”â”[0m [1m0s[0m 1ms/step - loss: 41.0789 
[1m 92/142[0m [32mâ”â”â”â”â”â”â”â”â”â”â”â”[0m[37mâ”â”â”â”â”â”â”â”[0m [1m0s[0m 1ms/step - loss: 42.5837
[1m109/142[0m [32mâ”â”â”â”â”â”â”â”â”â”â”â”â”â”â”[0m[37mâ”â”â”â”â”[0m [1m0s[0m 2ms/step - loss: 42.1433
[1m142/142[0m [32mâ”â”â”â”â”â”â”â”â”â”â”â”â”â”â”â”â”â”â”â”[0m[37m[0m [1m0s[0m 2ms/step - loss: 41.0751
Epoch 38/100

[1m  1/142[0m [37mâ”â”â”â”â”â”â”â”â”â”â”â”â”â”â”â”â”â”â”â”[0m [1m6s[0m 45ms/step - loss: 34.4935
[1m 38/142[0m [32mâ”â”â”â”â”[0m[37mâ”â”â”â”â”â”â”â”â”â”â”â”â”â”â”[0m [1m0s[0m 1ms/step - loss: 40.0410 
[1m 81/142[0m [32mâ”â”â”â”â”â”â”â”â”â”â”[0m[37mâ”â”â”â”â”â”â”â”â”[0m [1m0s[0m 1ms/step - loss: 43.7648
[1m121/142[0m [32mâ”â”â”â”â”â”â”â”â”â”â”â”â”â”â”â”â”[0m[37mâ”â”â”[0m [1m0s[0m 1ms/step - loss: 42.7764
[1m142/142[0m [32mâ”â”â”â”â”â”â”â”â”â”â”â”â”â”â”â”â”â”â”â”[0m[37m[0m [1m0s[0m 1ms/step - loss: 42.1576
Epoch 39/100

[1m  1/142[0m [37mâ”â”â”â”â”â”â”â”â”â”â”â”â”â”â”â”â”â”â”â”[0m [1m4s[0m 30ms/step - loss: 32.3521
[1m 38/142[0m [32mâ”â”â”â”â”[0m[37mâ”â”â”â”â”â”â”â”â”â”â”â”â”â”â”[0m [1m0s[0m 1ms/step - loss: 38.9534 
[1m 80/142[0m [32mâ”â”â”â”â”â”â”â”â”â”â”[0m[37mâ”â”â”â”â”â”â”â”â”[0m [1m0s[0m 1ms/step - loss: 44.0031
[1m126/142[0m [32mâ”â”â”â”â”â”â”â”â”â”â”â”â”â”â”â”â”[0m[37mâ”â”â”[0m [1m0s[0m 1ms/step - loss: 43.1970
[1m142/142[0m [32mâ”â”â”â”â”â”â”â”â”â”â”â”â”â”â”â”â”â”â”â”[0m[37m[0m [1m0s[0m 1ms/step - loss: 42.8593
Epoch 40/100

[1m  1/142[0m [37mâ”â”â”â”â”â”â”â”â”â”â”â”â”â”â”â”â”â”â”â”[0m [1m5s[0m 42ms/step - loss: 29.0347
[1m 41/142[0m [32mâ”â”â”â”â”[0m[37mâ”â”â”â”â”â”â”â”â”â”â”â”â”â”â”[0m [1m0s[0m 1ms/step - loss: 38.1881 
[1m 86/142[0m [32mâ”â”â”â”â”â”â”â”â”â”â”â”[0m[37mâ”â”â”â”â”â”â”â”[0m [1m0s[0m 1ms/step - loss: 44.4469
[1m128/142[0m [32mâ”â”â”â”â”â”â”â”â”â”â”â”â”â”â”â”â”â”[0m[37mâ”â”[0m [1m0s[0m 1ms/step - loss: 44.0234
[1m142/142[0m [32mâ”â”â”â”â”â”â”â”â”â”â”â”â”â”â”â”â”â”â”â”[0m[37m[0m [1m0s[0m 1ms/step - loss: 43.8529
Epoch 41/100

[1m  1/142[0m [37mâ”â”â”â”â”â”â”â”â”â”â”â”â”â”â”â”â”â”â”â”[0m [1m5s[0m 40ms/step - loss: 24.9100
[1m 40/142[0m [32mâ”â”â”â”â”[0m[37mâ”â”â”â”â”â”â”â”â”â”â”â”â”â”â”[0m [1m0s[0m 1ms/step - loss: 35.7543 
[1m 81/142[0m [32mâ”â”â”â”â”â”â”â”â”â”â”[0m[37mâ”â”â”â”â”â”â”â”â”[0m [1m0s[0m 1ms/step - loss: 44.1912
[1m124/142[0m [32mâ”â”â”â”â”â”â”â”â”â”â”â”â”â”â”â”â”[0m[37mâ”â”â”[0m [1m0s[0m 1ms/step - loss: 44.7016
[1m142/142[0m [32mâ”â”â”â”â”â”â”â”â”â”â”â”â”â”â”â”â”â”â”â”[0m[37m[0m [1m0s[0m 1ms/step - loss: 44.5364
Epoch 42/100

[1m  1/142[0m [37mâ”â”â”â”â”â”â”â”â”â”â”â”â”â”â”â”â”â”â”â”[0m [1m5s[0m 37ms/step - loss: 19.9651
[1m 29/142[0m [32mâ”â”â”â”[0m[37mâ”â”â”â”â”â”â”â”â”â”â”â”â”â”â”â”[0m [1m0s[0m 2ms/step - loss: 26.5238 
[1m 66/142[0m [32mâ”â”â”â”â”â”â”â”â”[0m[37mâ”â”â”â”â”â”â”â”â”â”â”[0m [1m0s[0m 2ms/step - loss: 40.4819
[1m106/142[0m [32mâ”â”â”â”â”â”â”â”â”â”â”â”â”â”[0m[37mâ”â”â”â”â”â”[0m [1m0s[0m 2ms/step - loss: 43.8471
[1m142/142[0m [32mâ”â”â”â”â”â”â”â”â”â”â”â”â”â”â”â”â”â”â”â”[0m[37m[0m [1m0s[0m 1ms/step - loss: 44.0492
Epoch 43/100

[1m  1/142[0m [37mâ”â”â”â”â”â”â”â”â”â”â”â”â”â”â”â”â”â”â”â”[0m [1m4s[0m 32ms/step - loss: 13.3698
[1m 44/142[0m [32mâ”â”â”â”â”â”[0m[37mâ”â”â”â”â”â”â”â”â”â”â”â”â”â”[0m [1m0s[0m 1ms/step - loss: 30.5383 
[1m 87/142[0m [32mâ”â”â”â”â”â”â”â”â”â”â”â”[0m[37mâ”â”â”â”â”â”â”â”[0m [1m0s[0m 1ms/step - loss: 40.2155
[1m131/142[0m [32mâ”â”â”â”â”â”â”â”â”â”â”â”â”â”â”â”â”â”[0m[37mâ”â”[0m [1m0s[0m 1ms/step - loss: 41.6681
[1m142/142[0m [32mâ”â”â”â”â”â”â”â”â”â”â”â”â”â”â”â”â”â”â”â”[0m[37m[0m [1m0s[0m 1ms/step - loss: 41.8764
Epoch 44/100

[1m  1/142[0m [37mâ”â”â”â”â”â”â”â”â”â”â”â”â”â”â”â”â”â”â”â”[0m [1m4s[0m 29ms/step - loss: 8.9005
[1m 42/142[0m [32mâ”â”â”â”â”[0m[37mâ”â”â”â”â”â”â”â”â”â”â”â”â”â”â”[0m [1m0s[0m 1ms/step - loss: 26.6762
[1m 84/142[0m [32mâ”â”â”â”â”â”â”â”â”â”â”[0m[37mâ”â”â”â”â”â”â”â”â”[0m [1m0s[0m 1ms/step - loss: 37.1814
[1m127/142[0m [32mâ”â”â”â”â”â”â”â”â”â”â”â”â”â”â”â”â”[0m[37mâ”â”â”[0m [1m0s[0m 1ms/step - loss: 39.1848
[1m142/142[0m [32mâ”â”â”â”â”â”â”â”â”â”â”â”â”â”â”â”â”â”â”â”[0m[37m[0m [1m0s[0m 1ms/step - loss: 39.4801
Epoch 45/100

[1m  1/142[0m [37mâ”â”â”â”â”â”â”â”â”â”â”â”â”â”â”â”â”â”â”â”[0m [1m3s[0m 25ms/step - loss: 6.3880
[1m 15/142[0m [32mâ”â”[0m[37mâ”â”â”â”â”â”â”â”â”â”â”â”â”â”â”â”â”â”[0m [1m0s[0m 5ms/step - loss: 14.1827
[1m 43/142[0m [32mâ”â”â”â”â”â”[0m[37mâ”â”â”â”â”â”â”â”â”â”â”â”â”â”[0m [1m0s[0m 3ms/step - loss: 24.6152
[1m 65/142[0m [32mâ”â”â”â”â”â”â”â”â”[0m[37mâ”â”â”â”â”â”â”â”â”â”â”[0m [1m0s[0m 3ms/step - loss: 30.6267
[1m 87/142[0m [32mâ”â”â”â”â”â”â”â”â”â”â”â”[0m[37mâ”â”â”â”â”â”â”â”[0m [1m0s[0m 3ms/step - loss: 34.0534
[1m127/142[0m [32mâ”â”â”â”â”â”â”â”â”â”â”â”â”â”â”â”â”[0m[37mâ”â”â”[0m [1m0s[0m 2ms/step - loss: 35.9588
[1m142/142[0m [32mâ”â”â”â”â”â”â”â”â”â”â”â”â”â”â”â”â”â”â”â”[0m[37m[0m [1m0s[0m 2ms/step - loss: 36.3604
Epoch 46/100

[1m  1/142[0m [37mâ”â”â”â”â”â”â”â”â”â”â”â”â”â”â”â”â”â”â”â”[0m [1m4s[0m 32ms/step - loss: 4.7464
[1m 19/142[0m [32mâ”â”[0m[37mâ”â”â”â”â”â”â”â”â”â”â”â”â”â”â”â”â”â”[0m [1m0s[0m 3ms/step - loss: 17.6755
[1m 39/142[0m [32mâ”â”â”â”â”[0m[37mâ”â”â”â”â”â”â”â”â”â”â”â”â”â”â”[0m [1m0s[0m 3ms/step - loss: 21.5310
[1m 72/142[0m [32mâ”â”â”â”â”â”â”â”â”â”[0m[37mâ”â”â”â”â”â”â”â”â”â”[0m [1m0s[0m 2ms/step - loss: 29.0827
[1m112/142[0m [32mâ”â”â”â”â”â”â”â”â”â”â”â”â”â”â”[0m[37mâ”â”â”â”â”[0m [1m0s[0m 2ms/step - loss: 32.3742
[1m142/142[0m [32mâ”â”â”â”â”â”â”â”â”â”â”â”â”â”â”â”â”â”â”â”[0m[37m[0m [1m0s[0m 2ms/step - loss: 33.3425
Epoch 47/100

[1m  1/142[0m [37mâ”â”â”â”â”â”â”â”â”â”â”â”â”â”â”â”â”â”â”â”[0m [1m4s[0m 30ms/step - loss: 3.8557
[1m 32/142[0m [32mâ”â”â”â”[0m[37mâ”â”â”â”â”â”â”â”â”â”â”â”â”â”â”â”[0m [1m0s[0m 2ms/step - loss: 19.8594
[1m 72/142[0m [32mâ”â”â”â”â”â”â”â”â”â”[0m[37mâ”â”â”â”â”â”â”â”â”â”[0m [1m0s[0m 2ms/step - loss: 26.6481
[1m106/142[0m [32mâ”â”â”â”â”â”â”â”â”â”â”â”â”â”[0m[37mâ”â”â”â”â”â”[0m [1m0s[0m 2ms/step - loss: 29.4099
[1m142/142[0m [32mâ”â”â”â”â”â”â”â”â”â”â”â”â”â”â”â”â”â”â”â”[0m[37m[0m [1m0s[0m 1ms/step - loss: 30.8429
Epoch 48/100

[1m  1/142[0m [37mâ”â”â”â”â”â”â”â”â”â”â”â”â”â”â”â”â”â”â”â”[0m [1m4s[0m 32ms/step - loss: 3.5805
[1m 35/142[0m [32mâ”â”â”â”[0m[37mâ”â”â”â”â”â”â”â”â”â”â”â”â”â”â”â”[0m [1m0s[0m 2ms/step - loss: 20.9903
[1m 75/142[0m [32mâ”â”â”â”â”â”â”â”â”â”[0m[37mâ”â”â”â”â”â”â”â”â”â”[0m [1m0s[0m 1ms/step - loss: 25.3590
[1m 86/142[0m [32mâ”â”â”â”â”â”â”â”â”â”â”â”[0m[37mâ”â”â”â”â”â”â”â”[0m [1m0s[0m 2ms/step - loss: 26.3110
[1m104/142[0m [32mâ”â”â”â”â”â”â”â”â”â”â”â”â”â”[0m[37mâ”â”â”â”â”â”[0m [1m0s[0m 2ms/step - loss: 27.3342
[1m137/142[0m [32mâ”â”â”â”â”â”â”â”â”â”â”â”â”â”â”â”â”â”â”[0m[37mâ”[0m [1m0s[0m 2ms/step - loss: 28.6787
[1m142/142[0m [32mâ”â”â”â”â”â”â”â”â”â”â”â”â”â”â”â”â”â”â”â”[0m[37m[0m [1m0s[0m 2ms/step - loss: 29.0422
Epoch 49/100

[1m  1/142[0m [37mâ”â”â”â”â”â”â”â”â”â”â”â”â”â”â”â”â”â”â”â”[0m [1m4s[0m 28ms/step - loss: 4.0353
[1m 36/142[0m [32mâ”â”â”â”â”[0m[37mâ”â”â”â”â”â”â”â”â”â”â”â”â”â”â”[0m [1m0s[0m 2ms/step - loss: 22.9520
[1m 67/142[0m [32mâ”â”â”â”â”â”â”â”â”[0m[37mâ”â”â”â”â”â”â”â”â”â”â”[0m [1m0s[0m 2ms/step - loss: 24.5130
[1m 99/142[0m [32mâ”â”â”â”â”â”â”â”â”â”â”â”â”[0m[37mâ”â”â”â”â”â”â”[0m [1m0s[0m 2ms/step - loss: 26.7638
[1m133/142[0m [32mâ”â”â”â”â”â”â”â”â”â”â”â”â”â”â”â”â”â”[0m[37mâ”â”[0m [1m0s[0m 2ms/step - loss: 28.2080
[1m142/142[0m [32mâ”â”â”â”â”â”â”â”â”â”â”â”â”â”â”â”â”â”â”â”[0m[37m[0m [1m0s[0m 2ms/step - loss: 28.8043
Epoch 50/100

[1m  1/142[0m [37mâ”â”â”â”â”â”â”â”â”â”â”â”â”â”â”â”â”â”â”â”[0m [1m13s[0m 96ms/step - loss: 6.0554
[1m 34/142[0m [32mâ”â”â”â”[0m[37mâ”â”â”â”â”â”â”â”â”â”â”â”â”â”â”â”[0m [1m0s[0m 2ms/step - loss: 27.1057 
[1m 84/142[0m [32mâ”â”â”â”â”â”â”â”â”â”â”[0m[37mâ”â”â”â”â”â”â”â”â”[0m [1m0s[0m 2ms/step - loss: 28.0698
[1m121/142[0m [32mâ”â”â”â”â”â”â”â”â”â”â”â”â”â”â”â”â”[0m[37mâ”â”â”[0m [1m0s[0m 1ms/step - loss: 29.5617
[1m142/142[0m [32mâ”â”â”â”â”â”â”â”â”â”â”â”â”â”â”â”â”â”â”â”[0m[37m[0m [1m0s[0m 1ms/step - loss: 30.4438
Epoch 51/100

[1m  1/142[0m [37mâ”â”â”â”â”â”â”â”â”â”â”â”â”â”â”â”â”â”â”â”[0m [1m4s[0m 31ms/step - loss: 10.0335
[1m 44/142[0m [32mâ”â”â”â”â”â”[0m[37mâ”â”â”â”â”â”â”â”â”â”â”â”â”â”[0m [1m0s[0m 1ms/step - loss: 32.9273 
[1m 84/142[0m [32mâ”â”â”â”â”â”â”â”â”â”â”[0m[37mâ”â”â”â”â”â”â”â”â”[0m [1m0s[0m 1ms/step - loss: 33.6394
[1m125/142[0m [32mâ”â”â”â”â”â”â”â”â”â”â”â”â”â”â”â”â”[0m[37mâ”â”â”[0m [1m0s[0m 1ms/step - loss: 34.5353
[1m142/142[0m [32mâ”â”â”â”â”â”â”â”â”â”â”â”â”â”â”â”â”â”â”â”[0m[37m[0m [1m0s[0m 1ms/step - loss: 35.1628
Epoch 52/100

[1m  1/142[0m [37mâ”â”â”â”â”â”â”â”â”â”â”â”â”â”â”â”â”â”â”â”[0m [1m4s[0m 35ms/step - loss: 18.5643
[1m 36/142[0m [32mâ”â”â”â”â”[0m[37mâ”â”â”â”â”â”â”â”â”â”â”â”â”â”â”[0m [1m0s[0m 1ms/step - loss: 44.7691 
[1m 78/142[0m [32mâ”â”â”â”â”â”â”â”â”â”[0m[37mâ”â”â”â”â”â”â”â”â”â”[0m [1m0s[0m 1ms/step - loss: 45.2076
[1m121/142[0m [32mâ”â”â”â”â”â”â”â”â”â”â”â”â”â”â”â”â”[0m[37mâ”â”â”[0m [1m0s[0m 1ms/step - loss: 44.7435
[1m142/142[0m [32mâ”â”â”â”â”â”â”â”â”â”â”â”â”â”â”â”â”â”â”â”[0m[37m[0m [1m0s[0m 1ms/step - loss: 44.8448
Epoch 53/100

[1m  1/142[0m [37mâ”â”â”â”â”â”â”â”â”â”â”â”â”â”â”â”â”â”â”â”[0m [1m5s[0m 38ms/step - loss: 33.9455
[1m 41/142[0m [32mâ”â”â”â”â”[0m[37mâ”â”â”â”â”â”â”â”â”â”â”â”â”â”â”[0m [1m0s[0m 1ms/step - loss: 63.6653 
[1m 85/142[0m [32mâ”â”â”â”â”â”â”â”â”â”â”[0m[37mâ”â”â”â”â”â”â”â”â”[0m [1m0s[0m 1ms/step - loss: 65.5744
[1m126/142[0m [32mâ”â”â”â”â”â”â”â”â”â”â”â”â”â”â”â”â”[0m[37mâ”â”â”[0m [1m0s[0m 1ms/step - loss: 62.9565
[1m142/142[0m [32mâ”â”â”â”â”â”â”â”â”â”â”â”â”â”â”â”â”â”â”â”[0m[37m[0m [1m0s[0m 1ms/step - loss: 62.3374
Epoch 54/100

[1m  1/142[0m [37mâ”â”â”â”â”â”â”â”â”â”â”â”â”â”â”â”â”â”â”â”[0m [1m8s[0m 60ms/step - loss: 58.1909
[1m 28/142[0m [32mâ”â”â”[0m[37mâ”â”â”â”â”â”â”â”â”â”â”â”â”â”â”â”â”[0m [1m0s[0m 2ms/step - loss: 83.6706 
[1m 57/142[0m [32mâ”â”â”â”â”â”â”â”[0m[37mâ”â”â”â”â”â”â”â”â”â”â”â”[0m [1m0s[0m 2ms/step - loss: 91.4191
[1m 83/142[0m [32mâ”â”â”â”â”â”â”â”â”â”â”[0m[37mâ”â”â”â”â”â”â”â”â”[0m [1m0s[0m 2ms/step - loss: 91.0061
[1m112/142[0m [32mâ”â”â”â”â”â”â”â”â”â”â”â”â”â”â”[0m[37mâ”â”â”â”â”[0m [1m0s[0m 2ms/step - loss: 87.3750
[1m142/142[0m [32mâ”â”â”â”â”â”â”â”â”â”â”â”â”â”â”â”â”â”â”â”[0m[37m[0m [1m0s[0m 2ms/step - loss: 83.7963
Epoch 55/100

[1m  1/142[0m [37mâ”â”â”â”â”â”â”â”â”â”â”â”â”â”â”â”â”â”â”â”[0m [1m4s[0m 33ms/step - loss: 84.2340
[1m 43/142[0m [32mâ”â”â”â”â”â”[0m[37mâ”â”â”â”â”â”â”â”â”â”â”â”â”â”[0m [1m0s[0m 1ms/step - loss: 97.8560 
[1m 86/142[0m [32mâ”â”â”â”â”â”â”â”â”â”â”â”[0m[37mâ”â”â”â”â”â”â”â”[0m [1m0s[0m 1ms/step - loss: 98.3896
[1m128/142[0m [32mâ”â”â”â”â”â”â”â”â”â”â”â”â”â”â”â”â”â”[0m[37mâ”â”[0m [1m0s[0m 1ms/step - loss: 92.2476
[1m142/142[0m [32mâ”â”â”â”â”â”â”â”â”â”â”â”â”â”â”â”â”â”â”â”[0m[37m[0m [1m0s[0m 1ms/step - loss: 90.4501
Epoch 56/100

[1m  1/142[0m [37mâ”â”â”â”â”â”â”â”â”â”â”â”â”â”â”â”â”â”â”â”[0m [1m5s[0m 38ms/step - loss: 107.4816
[1m 44/142[0m [32mâ”â”â”â”â”â”[0m[37mâ”â”â”â”â”â”â”â”â”â”â”â”â”â”[0m [1m0s[0m 1ms/step - loss: 90.7602  
[1m 84/142[0m [32mâ”â”â”â”â”â”â”â”â”â”â”[0m[37mâ”â”â”â”â”â”â”â”â”[0m [1m0s[0m 1ms/step - loss: 84.1364
[1m127/142[0m [32mâ”â”â”â”â”â”â”â”â”â”â”â”â”â”â”â”â”[0m[37mâ”â”â”[0m [1m0s[0m 1ms/step - loss: 79.1207
[1m142/142[0m [32mâ”â”â”â”â”â”â”â”â”â”â”â”â”â”â”â”â”â”â”â”[0m[37m[0m [1m0s[0m 1ms/step - loss: 77.6971
Epoch 57/100

[1m  1/142[0m [37mâ”â”â”â”â”â”â”â”â”â”â”â”â”â”â”â”â”â”â”â”[0m [1m4s[0m 31ms/step - loss: 115.1512
[1m 44/142[0m [32mâ”â”â”â”â”â”[0m[37mâ”â”â”â”â”â”â”â”â”â”â”â”â”â”[0m [1m0s[0m 1ms/step - loss: 71.1136  
[1m 86/142[0m [32mâ”â”â”â”â”â”â”â”â”â”â”â”[0m[37mâ”â”â”â”â”â”â”â”[0m [1m0s[0m 1ms/step - loss: 58.5681
[1m129/142[0m [32mâ”â”â”â”â”â”â”â”â”â”â”â”â”â”â”â”â”â”[0m[37mâ”â”[0m [1m0s[0m 1ms/step - loss: 56.5997
[1m142/142[0m [32mâ”â”â”â”â”â”â”â”â”â”â”â”â”â”â”â”â”â”â”â”[0m[37m[0m [1m0s[0m 1ms/step - loss: 56.3294
Epoch 58/100

[1m  1/142[0m [37mâ”â”â”â”â”â”â”â”â”â”â”â”â”â”â”â”â”â”â”â”[0m [1m5s[0m 38ms/step - loss: 102.8591
[1m 25/142[0m [32mâ”â”â”[0m[37mâ”â”â”â”â”â”â”â”â”â”â”â”â”â”â”â”â”[0m [1m0s[0m 3ms/step - loss: 78.6045  
[1m 49/142[0m [32mâ”â”â”â”â”â”[0m[37mâ”â”â”â”â”â”â”â”â”â”â”â”â”â”[0m [1m0s[0m 3ms/step - loss: 61.8902
[1m 63/142[0m [32mâ”â”â”â”â”â”â”â”[0m[37mâ”â”â”â”â”â”â”â”â”â”â”â”[0m [1m0s[0m 3ms/step - loss: 57.2248
[1m 77/142[0m [32mâ”â”â”â”â”â”â”â”â”â”[0m[37mâ”â”â”â”â”â”â”â”â”â”[0m [1m0s[0m 3ms/step - loss: 54.7593
[1m116/142[0m [32mâ”â”â”â”â”â”â”â”â”â”â”â”â”â”â”â”[0m[37mâ”â”â”â”[0m [1m0s[0m 2ms/step - loss: 52.8082
[1m142/142[0m [32mâ”â”â”â”â”â”â”â”â”â”â”â”â”â”â”â”â”â”â”â”[0m[37m[0m [1m0s[0m 2ms/step - loss: 52.9738
Epoch 59/100

[1m  1/142[0m [37mâ”â”â”â”â”â”â”â”â”â”â”â”â”â”â”â”â”â”â”â”[0m [1m28s[0m 205ms/step - loss: 83.5706
[1m 40/142[0m [32mâ”â”â”â”â”[0m[37mâ”â”â”â”â”â”â”â”â”â”â”â”â”â”â”[0m [1m0s[0m 1ms/step - loss: 79.8469   
[1m 78/142[0m [32mâ”â”â”â”â”â”â”â”â”â”[0m[37mâ”â”â”â”â”â”â”â”â”â”[0m [1m0s[0m 1ms/step - loss: 74.3969
[1m121/142[0m [32mâ”â”â”â”â”â”â”â”â”â”â”â”â”â”â”â”â”[0m[37mâ”â”â”[0m [1m0s[0m 1ms/step - loss: 71.5321
[1m142/142[0m [32mâ”â”â”â”â”â”â”â”â”â”â”â”â”â”â”â”â”â”â”â”[0m[37m[0m [1m0s[0m 1ms/step - loss: 70.8603
Epoch 60/100

[1m  1/142[0m [37mâ”â”â”â”â”â”â”â”â”â”â”â”â”â”â”â”â”â”â”â”[0m [1m4s[0m 33ms/step - loss: 84.4840
[1m 43/142[0m [32mâ”â”â”â”â”â”[0m[37mâ”â”â”â”â”â”â”â”â”â”â”â”â”â”[0m [1m0s[0m 1ms/step - loss: 114.1161
[1m 86/142[0m [32mâ”â”â”â”â”â”â”â”â”â”â”â”[0m[37mâ”â”â”â”â”â”â”â”[0m [1m0s[0m 1ms/step - loss: 111.1034
[1m126/142[0m [32mâ”â”â”â”â”â”â”â”â”â”â”â”â”â”â”â”â”[0m[37mâ”â”â”[0m [1m0s[0m 1ms/step - loss: 106.2095
[1m142/142[0m [32mâ”â”â”â”â”â”â”â”â”â”â”â”â”â”â”â”â”â”â”â”[0m[37m[0m [1m0s[0m 1ms/step - loss: 104.5520
Epoch 61/100

[1m  1/142[0m [37mâ”â”â”â”â”â”â”â”â”â”â”â”â”â”â”â”â”â”â”â”[0m [1m4s[0m 35ms/step - loss: 121.8771
[1m 36/142[0m [32mâ”â”â”â”â”[0m[37mâ”â”â”â”â”â”â”â”â”â”â”â”â”â”â”[0m [1m0s[0m 2ms/step - loss: 177.1535 
[1m 54/142[0m [32mâ”â”â”â”â”â”â”[0m[37mâ”â”â”â”â”â”â”â”â”â”â”â”â”[0m [1m0s[0m 2ms/step - loss: 197.6132
[1m 78/142[0m [32mâ”â”â”â”â”â”â”â”â”â”[0m[37mâ”â”â”â”â”â”â”â”â”â”[0m [1m0s[0m 2ms/step - loss: 193.1703
[1m132/142[0m [32mâ”â”â”â”â”â”â”â”â”â”â”â”â”â”â”â”â”â”[0m[37mâ”â”[0m [1m0s[0m 2ms/step - loss: 174.1559
[1m142/142[0m [32mâ”â”â”â”â”â”â”â”â”â”â”â”â”â”â”â”â”â”â”â”[0m[37m[0m [1m0s[0m 2ms/step - loss: 171.3663
Epoch 62/100

[1m  1/142[0m [37mâ”â”â”â”â”â”â”â”â”â”â”â”â”â”â”â”â”â”â”â”[0m [1m6s[0m 45ms/step - loss: 221.8239
[1m 41/142[0m [32mâ”â”â”â”â”[0m[37mâ”â”â”â”â”â”â”â”â”â”â”â”â”â”â”[0m [1m0s[0m 1ms/step - loss: 355.2422 
[1m 82/142[0m [32mâ”â”â”â”â”â”â”â”â”â”â”[0m[37mâ”â”â”â”â”â”â”â”â”[0m [1m0s[0m 1ms/step - loss: 370.8747
[1m 96/142[0m [32mâ”â”â”â”â”â”â”â”â”â”â”â”â”[0m[37mâ”â”â”â”â”â”â”[0m [1m0s[0m 2ms/step - loss: 356.9518
[1m109/142[0m [32mâ”â”â”â”â”â”â”â”â”â”â”â”â”â”â”[0m[37mâ”â”â”â”â”[0m [1m0s[0m 2ms/step - loss: 344.0358
[1m142/142[0m [32mâ”â”â”â”â”â”â”â”â”â”â”â”â”â”â”â”â”â”â”â”[0m[37m[0m [1m0s[0m 2ms/step - loss: 315.4328
Epoch 63/100

[1m  1/142[0m [37mâ”â”â”â”â”â”â”â”â”â”â”â”â”â”â”â”â”â”â”â”[0m [1m4s[0m 30ms/step - loss: 290.1614
[1m 38/142[0m [32mâ”â”â”â”â”[0m[37mâ”â”â”â”â”â”â”â”â”â”â”â”â”â”â”[0m [1m0s[0m 1ms/step - loss: 496.5068 
[1m 83/142[0m [32mâ”â”â”â”â”â”â”â”â”â”â”[0m[37mâ”â”â”â”â”â”â”â”â”[0m [1m0s[0m 1ms/step - loss: 568.1007
[1m125/142[0m [32mâ”â”â”â”â”â”â”â”â”â”â”â”â”â”â”â”â”[0m[37mâ”â”â”[0m [1m0s[0m 1ms/step - loss: 506.6739
[1m142/142[0m [32mâ”â”â”â”â”â”â”â”â”â”â”â”â”â”â”â”â”â”â”â”[0m[37m[0m [1m0s[0m 1ms/step - loss: 482.0090
Epoch 64/100

[1m  1/142[0m [37mâ”â”â”â”â”â”â”â”â”â”â”â”â”â”â”â”â”â”â”â”[0m [1m4s[0m 35ms/step - loss: 180.2958
[1m 41/142[0m [32mâ”â”â”â”â”[0m[37mâ”â”â”â”â”â”â”â”â”â”â”â”â”â”â”[0m [1m0s[0m 1ms/step - loss: 374.8793 
[1m 82/142[0m [32mâ”â”â”â”â”â”â”â”â”â”â”[0m[37mâ”â”â”â”â”â”â”â”â”[0m [1m0s[0m 1ms/step - loss: 442.0555
[1m135/142[0m [32mâ”â”â”â”â”â”â”â”â”â”â”â”â”â”â”â”â”â”â”[0m[37mâ”[0m [1m0s[0m 1ms/step - loss: 396.2921
[1m142/142[0m [32mâ”â”â”â”â”â”â”â”â”â”â”â”â”â”â”â”â”â”â”â”[0m[37m[0m [1m0s[0m 1ms/step - loss: 389.2178
Epoch 65/100

[1m  1/142[0m [37mâ”â”â”â”â”â”â”â”â”â”â”â”â”â”â”â”â”â”â”â”[0m [1m5s[0m 39ms/step - loss: 129.3060
[1m 42/142[0m [32mâ”â”â”â”â”[0m[37mâ”â”â”â”â”â”â”â”â”â”â”â”â”â”â”[0m [1m0s[0m 1ms/step - loss: 247.2919 
[1m 71/142[0m [32mâ”â”â”â”â”â”â”â”â”â”[0m[37mâ”â”â”â”â”â”â”â”â”â”[0m [1m0s[0m 1ms/step - loss: 285.7895
[1m 95/142[0m [32mâ”â”â”â”â”â”â”â”â”â”â”â”â”[0m[37mâ”â”â”â”â”â”â”[0m [1m0s[0m 2ms/step - loss: 281.9501
[1m128/142[0m [32mâ”â”â”â”â”â”â”â”â”â”â”â”â”â”â”â”â”â”[0m[37mâ”â”[0m [1m0s[0m 2ms/step - loss: 265.2552
[1m142/142[0m [32mâ”â”â”â”â”â”â”â”â”â”â”â”â”â”â”â”â”â”â”â”[0m[37m[0m [1m0s[0m 2ms/step - loss: 258.1106
Epoch 66/100

[1m  1/142[0m [37mâ”â”â”â”â”â”â”â”â”â”â”â”â”â”â”â”â”â”â”â”[0m [1m5s[0m 36ms/step - loss: 59.9558
[1m 42/142[0m [32mâ”â”â”â”â”[0m[37mâ”â”â”â”â”â”â”â”â”â”â”â”â”â”â”[0m [1m0s[0m 1ms/step - loss: 101.6028
[1m 83/142[0m [32mâ”â”â”â”â”â”â”â”â”â”â”[0m[37mâ”â”â”â”â”â”â”â”â”[0m [1m0s[0m 1ms/step - loss: 114.7694
[1m125/142[0m [32mâ”â”â”â”â”â”â”â”â”â”â”â”â”â”â”â”â”[0m[37mâ”â”â”[0m [1m0s[0m 1ms/step - loss: 109.8552
[1m142/142[0m [32mâ”â”â”â”â”â”â”â”â”â”â”â”â”â”â”â”â”â”â”â”[0m[37m[0m [1m0s[0m 1ms/step - loss: 107.3279
Epoch 67/100

[1m  1/142[0m [37mâ”â”â”â”â”â”â”â”â”â”â”â”â”â”â”â”â”â”â”â”[0m [1m4s[0m 32ms/step - loss: 3.5258
[1m 34/142[0m [32mâ”â”â”â”[0m[37mâ”â”â”â”â”â”â”â”â”â”â”â”â”â”â”â”[0m [1m0s[0m 2ms/step - loss: 16.9479
[1m 68/142[0m [32mâ”â”â”â”â”â”â”â”â”[0m[37mâ”â”â”â”â”â”â”â”â”â”â”[0m [1m0s[0m 2ms/step - loss: 28.3319
[1m102/142[0m [32mâ”â”â”â”â”â”â”â”â”â”â”â”â”â”[0m[37mâ”â”â”â”â”â”[0m [1m0s[0m 2ms/step - loss: 37.7473
[1m142/142[0m [32mâ”â”â”â”â”â”â”â”â”â”â”â”â”â”â”â”â”â”â”â”[0m[37m[0m [1m0s[0m 1ms/step - loss: 41.1499
Epoch 68/100

[1m  1/142[0m [37mâ”â”â”â”â”â”â”â”â”â”â”â”â”â”â”â”â”â”â”â”[0m [1m6s[0m 44ms/step - loss: 11.2085
[1m 41/142[0m [32mâ”â”â”â”â”[0m[37mâ”â”â”â”â”â”â”â”â”â”â”â”â”â”â”[0m [1m0s[0m 1ms/step - loss: 17.1815 
[1m 75/142[0m [32mâ”â”â”â”â”â”â”â”â”â”[0m[37mâ”â”â”â”â”â”â”â”â”â”[0m [1m0s[0m 1ms/step - loss: 27.7271
[1m107/142[0m [32mâ”â”â”â”â”â”â”â”â”â”â”â”â”â”â”[0m[37mâ”â”â”â”â”[0m [1m0s[0m 2ms/step - loss: 35.7951
[1m142/142[0m [32mâ”â”â”â”â”â”â”â”â”â”â”â”â”â”â”â”â”â”â”â”[0m[37m[0m [1m0s[0m 1ms/step - loss: 39.4606
Epoch 69/100

[1m  1/142[0m [37mâ”â”â”â”â”â”â”â”â”â”â”â”â”â”â”â”â”â”â”â”[0m [1m5s[0m 38ms/step - loss: 26.9860
[1m 38/142[0m [32mâ”â”â”â”â”[0m[37mâ”â”â”â”â”â”â”â”â”â”â”â”â”â”â”[0m [1m0s[0m 2ms/step - loss: 32.5379 
[1m 76/142[0m [32mâ”â”â”â”â”â”â”â”â”â”[0m[37mâ”â”â”â”â”â”â”â”â”â”[0m [1m0s[0m 2ms/step - loss: 41.1029
[1m 92/142[0m [32mâ”â”â”â”â”â”â”â”â”â”â”â”[0m[37mâ”â”â”â”â”â”â”â”[0m [1m0s[0m 2ms/step - loss: 44.4352
[1m118/142[0m [32mâ”â”â”â”â”â”â”â”â”â”â”â”â”â”â”â”[0m[37mâ”â”â”â”[0m [1m0s[0m 2ms/step - loss: 48.3296
[1m142/142[0m [32mâ”â”â”â”â”â”â”â”â”â”â”â”â”â”â”â”â”â”â”â”[0m[37m[0m [1m0s[0m 2ms/step - loss: 54.3266
Epoch 70/100

[1m  1/142[0m [37mâ”â”â”â”â”â”â”â”â”â”â”â”â”â”â”â”â”â”â”â”[0m [1m5s[0m 40ms/step - loss: 37.5797
[1m 32/142[0m [32mâ”â”â”â”[0m[37mâ”â”â”â”â”â”â”â”â”â”â”â”â”â”â”â”[0m [1m0s[0m 2ms/step - loss: 47.6820 
[1m 76/142[0m [32mâ”â”â”â”â”â”â”â”â”â”[0m[37mâ”â”â”â”â”â”â”â”â”â”[0m [1m0s[0m 1ms/step - loss: 45.7348
[1m116/142[0m [32mâ”â”â”â”â”â”â”â”â”â”â”â”â”â”â”â”[0m[37mâ”â”â”â”[0m [1m0s[0m 1ms/step - loss: 53.9789
[1m142/142[0m [32mâ”â”â”â”â”â”â”â”â”â”â”â”â”â”â”â”â”â”â”â”[0m[37m[0m [1m0s[0m 1ms/step - loss: 70.8246
Epoch 71/100

[1m  1/142[0m [37mâ”â”â”â”â”â”â”â”â”â”â”â”â”â”â”â”â”â”â”â”[0m [1m21s[0m 155ms/step - loss: 8.3038
[1m 42/142[0m [32mâ”â”â”â”â”[0m[37mâ”â”â”â”â”â”â”â”â”â”â”â”â”â”â”[0m [1m0s[0m 1ms/step - loss: 1004.9539
[1m 46/142[0m [32mâ”â”â”â”â”â”[0m[37mâ”â”â”â”â”â”â”â”â”â”â”â”â”â”[0m [1m0s[0m 3ms/step - loss: 1099.5525
[1m 65/142[0m [32mâ”â”â”â”â”â”â”â”â”[0m[37mâ”â”â”â”â”â”â”â”â”â”â”[0m [1m0s[0m 3ms/step - loss: 1393.7588
[1m 99/142[0m [32mâ”â”â”â”â”â”â”â”â”â”â”â”â”[0m[37mâ”â”â”â”â”â”â”[0m [1m0s[0m 2ms/step - loss: 1541.7090
[1m109/142[0m [32mâ”â”â”â”â”â”â”â”â”â”â”â”â”â”â”[0m[37mâ”â”â”â”â”[0m [1m0s[0m 3ms/step - loss: 1536.0691
[1m139/142[0m [32mâ”â”â”â”â”â”â”â”â”â”â”â”â”â”â”â”â”â”â”[0m[37mâ”[0m [1m0s[0m 3ms/step - loss: 1474.8784
[1m142/142[0m [32mâ”â”â”â”â”â”â”â”â”â”â”â”â”â”â”â”â”â”â”â”[0m[37m[0m [1m1s[0m 3ms/step - loss: 1464.5288
Epoch 72/100

[1m  1/142[0m [37mâ”â”â”â”â”â”â”â”â”â”â”â”â”â”â”â”â”â”â”â”[0m [1m4s[0m 31ms/step - loss: 15.9449
[1m 52/142[0m [32mâ”â”â”â”â”â”â”[0m[37mâ”â”â”â”â”â”â”â”â”â”â”â”â”[0m [1m0s[0m 1ms/step - loss: 64.7107 
[1m 72/142[0m [32mâ”â”â”â”â”â”â”â”â”â”[0m[37mâ”â”â”â”â”â”â”â”â”â”[0m [1m0s[0m 2ms/step - loss: 92.1471
[1m 88/142[0m [32mâ”â”â”â”â”â”â”â”â”â”â”â”[0m[37mâ”â”â”â”â”â”â”â”[0m [1m0s[0m 2ms/step - loss: 102.0856
[1m132/142[0m [32mâ”â”â”â”â”â”â”â”â”â”â”â”â”â”â”â”â”â”[0m[37mâ”â”[0m [1m0s[0m 2ms/step - loss: 108.2802
[1m142/142[0m [32mâ”â”â”â”â”â”â”â”â”â”â”â”â”â”â”â”â”â”â”â”[0m[37m[0m [1m0s[0m 2ms/step - loss: 108.4549
Epoch 73/100

[1m  1/142[0m [37mâ”â”â”â”â”â”â”â”â”â”â”â”â”â”â”â”â”â”â”â”[0m [1m4s[0m 33ms/step - loss: 18.4397
[1m 44/142[0m [32mâ”â”â”â”â”â”[0m[37mâ”â”â”â”â”â”â”â”â”â”â”â”â”â”[0m [1m0s[0m 1ms/step - loss: 1302.4561
[1m 88/142[0m [32mâ”â”â”â”â”â”â”â”â”â”â”â”[0m[37mâ”â”â”â”â”â”â”â”[0m [1m0s[0m 1ms/step - loss: 2448.9810
[1m131/142[0m [32mâ”â”â”â”â”â”â”â”â”â”â”â”â”â”â”â”â”â”[0m[37mâ”â”[0m [1m0s[0m 1ms/step - loss: 2931.9204
[1m142/142[0m [32mâ”â”â”â”â”â”â”â”â”â”â”â”â”â”â”â”â”â”â”â”[0m[37m[0m [1m0s[0m 1ms/step - loss: 2975.2095
Epoch 74/100

[1m  1/142[0m [37mâ”â”â”â”â”â”â”â”â”â”â”â”â”â”â”â”â”â”â”â”[0m [1m5s[0m 37ms/step - loss: 327.2303
[1m 42/142[0m [32mâ”â”â”â”â”[0m[37mâ”â”â”â”â”â”â”â”â”â”â”â”â”â”â”[0m [1m0s[0m 1ms/step - loss: 3945.6345
[1m 85/142[0m [32mâ”â”â”â”â”â”â”â”â”â”â”[0m[37mâ”â”â”â”â”â”â”â”â”[0m [1m0s[0m 1ms/step - loss: 5020.3569
[1m129/142[0m [32mâ”â”â”â”â”â”â”â”â”â”â”â”â”â”â”â”â”â”[0m[37mâ”â”[0m [1m0s[0m 1ms/step - loss: 4628.6562
[1m142/142[0m [32mâ”â”â”â”â”â”â”â”â”â”â”â”â”â”â”â”â”â”â”â”[0m[37m[0m [1m0s[0m 1ms/step - loss: 4475.2285
Epoch 75/100

[1m  1/142[0m [37mâ”â”â”â”â”â”â”â”â”â”â”â”â”â”â”â”â”â”â”â”[0m [1m5s[0m 39ms/step - loss: 9.5583
[1m 44/142[0m [32mâ”â”â”â”â”â”[0m[37mâ”â”â”â”â”â”â”â”â”â”â”â”â”â”[0m [1m0s[0m 1ms/step - loss: 688.1988
[1m 87/142[0m [32mâ”â”â”â”â”â”â”â”â”â”â”â”[0m[37mâ”â”â”â”â”â”â”â”[0m [1m0s[0m 1ms/step - loss: 887.7484
[1m130/142[0m [32mâ”â”â”â”â”â”â”â”â”â”â”â”â”â”â”â”â”â”[0m[37mâ”â”[0m [1m0s[0m 1ms/step - loss: 885.0742
[1m142/142[0m [32mâ”â”â”â”â”â”â”â”â”â”â”â”â”â”â”â”â”â”â”â”[0m[37m[0m [1m0s[0m 1ms/step - loss: 869.9441
Epoch 76/100

[1m  1/142[0m [37mâ”â”â”â”â”â”â”â”â”â”â”â”â”â”â”â”â”â”â”â”[0m [1m4s[0m 29ms/step - loss: 17.5909
[1m 43/142[0m [32mâ”â”â”â”â”â”[0m[37mâ”â”â”â”â”â”â”â”â”â”â”â”â”â”[0m [1m0s[0m 1ms/step - loss: 526.5391
[1m 83/142[0m [32mâ”â”â”â”â”â”â”â”â”â”â”[0m[37mâ”â”â”â”â”â”â”â”â”[0m [1m0s[0m 1ms/step - loss: 706.9739
[1m120/142[0m [32mâ”â”â”â”â”â”â”â”â”â”â”â”â”â”â”â”[0m[37mâ”â”â”â”[0m [1m0s[0m 1ms/step - loss: 717.4485
[1m142/142[0m [32mâ”â”â”â”â”â”â”â”â”â”â”â”â”â”â”â”â”â”â”â”[0m[37m[0m [1m0s[0m 1ms/step - loss: 696.1309
Epoch 77/100

[1m  1/142[0m [37mâ”â”â”â”â”â”â”â”â”â”â”â”â”â”â”â”â”â”â”â”[0m [1m8s[0m 63ms/step - loss: 27.4929
[1m 23/142[0m [32mâ”â”â”[0m[37mâ”â”â”â”â”â”â”â”â”â”â”â”â”â”â”â”â”[0m [1m0s[0m 2ms/step - loss: 159.8387
[1m 54/142[0m [32mâ”â”â”â”â”â”â”[0m[37mâ”â”â”â”â”â”â”â”â”â”â”â”â”[0m [1m0s[0m 2ms/step - loss: 341.0758
[1m 95/142[0m [32mâ”â”â”â”â”â”â”â”â”â”â”â”â”[0m[37mâ”â”â”â”â”â”â”[0m [1m0s[0m 2ms/step - loss: 370.7714
[1m139/142[0m [32mâ”â”â”â”â”â”â”â”â”â”â”â”â”â”â”â”â”â”â”[0m[37mâ”[0m [1m0s[0m 2ms/step - loss: 358.9117
[1m142/142[0m [32mâ”â”â”â”â”â”â”â”â”â”â”â”â”â”â”â”â”â”â”â”[0m[37m[0m [1m0s[0m 2ms/step - loss: 357.9142
Epoch 78/100

[1m  1/142[0m [37mâ”â”â”â”â”â”â”â”â”â”â”â”â”â”â”â”â”â”â”â”[0m [1m4s[0m 29ms/step - loss: 3.4883
[1m 43/142[0m [32mâ”â”â”â”â”â”[0m[37mâ”â”â”â”â”â”â”â”â”â”â”â”â”â”[0m [1m0s[0m 1ms/step - loss: 1189.9646
[1m 86/142[0m [32mâ”â”â”â”â”â”â”â”â”â”â”â”[0m[37mâ”â”â”â”â”â”â”â”[0m [1m0s[0m 1ms/step - loss: 1444.5906
[1m131/142[0m [32mâ”â”â”â”â”â”â”â”â”â”â”â”â”â”â”â”â”â”[0m[37mâ”â”[0m [1m0s[0m 1ms/step - loss: 1371.5315
[1m142/142[0m [32mâ”â”â”â”â”â”â”â”â”â”â”â”â”â”â”â”â”â”â”â”[0m[37m[0m [1m0s[0m 1ms/step - loss: 1482.9828
Epoch 79/100

[1m  1/142[0m [37mâ”â”â”â”â”â”â”â”â”â”â”â”â”â”â”â”â”â”â”â”[0m [1m4s[0m 33ms/step - loss: 461.5109
[1m 39/142[0m [32mâ”â”â”â”â”[0m[37mâ”â”â”â”â”â”â”â”â”â”â”â”â”â”â”[0m [1m0s[0m 1ms/step - loss: 332976.0312
[1m 84/142[0m [32mâ”â”â”â”â”â”â”â”â”â”â”[0m[37mâ”â”â”â”â”â”â”â”â”[0m [1m0s[0m 1ms/step - loss: 554897.5625
[1m119/142[0m [32mâ”â”â”â”â”â”â”â”â”â”â”â”â”â”â”â”[0m[37mâ”â”â”â”[0m [1m0s[0m 1ms/step - loss: 553983.8125
[1m142/142[0m [32mâ”â”â”â”â”â”â”â”â”â”â”â”â”â”â”â”â”â”â”â”[0m[37m[0m [1m0s[0m 1ms/step - loss: 538377.0000
Epoch 80/100

[1m  1/142[0m [37mâ”â”â”â”â”â”â”â”â”â”â”â”â”â”â”â”â”â”â”â”[0m [1m4s[0m 33ms/step - loss: 17026.0371
[1m 40/142[0m [32mâ”â”â”â”â”[0m[37mâ”â”â”â”â”â”â”â”â”â”â”â”â”â”â”[0m [1m0s[0m 1ms/step - loss: 554107.0000
[1m 82/142[0m [32mâ”â”â”â”â”â”â”â”â”â”â”[0m[37mâ”â”â”â”â”â”â”â”â”[0m [1m0s[0m 1ms/step - loss: 596786.2500
[1m126/142[0m [32mâ”â”â”â”â”â”â”â”â”â”â”â”â”â”â”â”â”[0m[37mâ”â”â”[0m [1m0s[0m 1ms/step - loss: 517484.1562
[1m142/142[0m [32mâ”â”â”â”â”â”â”â”â”â”â”â”â”â”â”â”â”â”â”â”[0m[37m[0m [1m0s[0m 1ms/step - loss: 489597.7500
Epoch 81/100

[1m  1/142[0m [37mâ”â”â”â”â”â”â”â”â”â”â”â”â”â”â”â”â”â”â”â”[0m [1m4s[0m 32ms/step - loss: 3.5988
[1m 18/142[0m [32mâ”â”[0m[37mâ”â”â”â”â”â”â”â”â”â”â”â”â”â”â”â”â”â”[0m [1m0s[0m 3ms/step - loss: 290.5233
[1m 26/142[0m [32mâ”â”â”[0m[37mâ”â”â”â”â”â”â”â”â”â”â”â”â”â”â”â”â”[0m [1m0s[0m 4ms/step - loss: 350.4818
[1m 66/142[0m [32mâ”â”â”â”â”â”â”â”â”[0m[37mâ”â”â”â”â”â”â”â”â”â”â”[0m [1m0s[0m 2ms/step - loss: 411.8046
[1m110/142[0m [32mâ”â”â”â”â”â”â”â”â”â”â”â”â”â”â”[0m[37mâ”â”â”â”â”[0m [1m0s[0m 2ms/step - loss: 424.4792
[1m142/142[0m [32mâ”â”â”â”â”â”â”â”â”â”â”â”â”â”â”â”â”â”â”â”[0m[37m[0m [1m0s[0m 2ms/step - loss: 447.7531
Epoch 82/100

[1m  1/142[0m [37mâ”â”â”â”â”â”â”â”â”â”â”â”â”â”â”â”â”â”â”â”[0m [1m6s[0m 49ms/step - loss: 8.5981
[1m 45/142[0m [32mâ”â”â”â”â”â”[0m[37mâ”â”â”â”â”â”â”â”â”â”â”â”â”â”[0m [1m0s[0m 1ms/step - loss: 55168.4961
[1m 87/142[0m [32mâ”â”â”â”â”â”â”â”â”â”â”â”[0m[37mâ”â”â”â”â”â”â”â”[0m [1m0s[0m 1ms/step - loss: 105456.9453
[1m127/142[0m [32mâ”â”â”â”â”â”â”â”â”â”â”â”â”â”â”â”â”[0m[37mâ”â”â”[0m [1m0s[0m 1ms/step - loss: 120250.1250
[1m142/142[0m [32mâ”â”â”â”â”â”â”â”â”â”â”â”â”â”â”â”â”â”â”â”[0m[37m[0m [1m0s[0m 1ms/step - loss: 121998.5078
Epoch 83/100

[1m  1/142[0m [37mâ”â”â”â”â”â”â”â”â”â”â”â”â”â”â”â”â”â”â”â”[0m [1m4s[0m 33ms/step - loss: 8598.7598
[1m 32/142[0m [32mâ”â”â”â”[0m[37mâ”â”â”â”â”â”â”â”â”â”â”â”â”â”â”â”[0m [1m0s[0m 2ms/step - loss: 2547870.0000
[1m 67/142[0m [32mâ”â”â”â”â”â”â”â”â”[0m[37mâ”â”â”â”â”â”â”â”â”â”â”[0m [1m0s[0m 2ms/step - loss: 3857763.7500
[1m 99/142[0m [32mâ”â”â”â”â”â”â”â”â”â”â”â”â”[0m[37mâ”â”â”â”â”â”â”[0m [1m0s[0m 2ms/step - loss: 3670092.7500
[1m132/142[0m [32mâ”â”â”â”â”â”â”â”â”â”â”â”â”â”â”â”â”â”[0m[37mâ”â”[0m [1m0s[0m 2ms/step - loss: 3390275.7500
[1m142/142[0m [32mâ”â”â”â”â”â”â”â”â”â”â”â”â”â”â”â”â”â”â”â”[0m[37m[0m [1m0s[0m 2ms/step - loss: 3294864.2500
Epoch 84/100

[1m  1/142[0m [37mâ”â”â”â”â”â”â”â”â”â”â”â”â”â”â”â”â”â”â”â”[0m [1m6s[0m 46ms/step - loss: 71028.9609
[1m 47/142[0m [32mâ”â”â”â”â”â”[0m[37mâ”â”â”â”â”â”â”â”â”â”â”â”â”â”[0m [1m0s[0m 1ms/step - loss: 86567.2578 
[1m 87/142[0m [32mâ”â”â”â”â”â”â”â”â”â”â”â”[0m[37mâ”â”â”â”â”â”â”â”[0m [1m0s[0m 1ms/step - loss: 80930.4453
[1m126/142[0m [32mâ”â”â”â”â”â”â”â”â”â”â”â”â”â”â”â”â”[0m[37mâ”â”â”[0m [1m0s[0m 1ms/step - loss: 70143.0859
[1m142/142[0m [32mâ”â”â”â”â”â”â”â”â”â”â”â”â”â”â”â”â”â”â”â”[0m[37m[0m [1m0s[0m 1ms/step - loss: 66109.8438
Epoch 85/100

[1m  1/142[0m [37mâ”â”â”â”â”â”â”â”â”â”â”â”â”â”â”â”â”â”â”â”[0m [1m5s[0m 36ms/step - loss: 81.5175
[1m 30/142[0m [32mâ”â”â”â”[0m[37mâ”â”â”â”â”â”â”â”â”â”â”â”â”â”â”â”[0m [1m0s[0m 2ms/step - loss: 568.9703
[1m 43/142[0m [32mâ”â”â”â”â”â”[0m[37mâ”â”â”â”â”â”â”â”â”â”â”â”â”â”[0m [1m0s[0m 3ms/step - loss: 946.7462
[1m 74/142[0m [32mâ”â”â”â”â”â”â”â”â”â”[0m[37mâ”â”â”â”â”â”â”â”â”â”[0m [1m0s[0m 2ms/step - loss: 1241.4062
[1m118/142[0m [32mâ”â”â”â”â”â”â”â”â”â”â”â”â”â”â”â”[0m[37mâ”â”â”â”[0m [1m0s[0m 2ms/step - loss: 1315.3086
[1m142/142[0m [32mâ”â”â”â”â”â”â”â”â”â”â”â”â”â”â”â”â”â”â”â”[0m[37m[0m [1m0s[0m 2ms/step - loss: 1271.6940
Epoch 86/100

[1m  1/142[0m [37mâ”â”â”â”â”â”â”â”â”â”â”â”â”â”â”â”â”â”â”â”[0m [1m17s[0m 122ms/step - loss: 6.3971
[1m 32/142[0m [32mâ”â”â”â”[0m[37mâ”â”â”â”â”â”â”â”â”â”â”â”â”â”â”â”[0m [1m0s[0m 2ms/step - loss: 460.5771 
[1m 44/142[0m [32mâ”â”â”â”â”â”[0m[37mâ”â”â”â”â”â”â”â”â”â”â”â”â”â”[0m [1m0s[0m 2ms/step - loss: 619.5164
[1m 68/142[0m [32mâ”â”â”â”â”â”â”â”â”[0m[37mâ”â”â”â”â”â”â”â”â”â”â”[0m [1m0s[0m 2ms/step - loss: 710.0884
[1m115/142[0m [32mâ”â”â”â”â”â”â”â”â”â”â”â”â”â”â”â”[0m[37mâ”â”â”â”[0m [1m0s[0m 2ms/step - loss: 720.5613
[1m142/142[0m [32mâ”â”â”â”â”â”â”â”â”â”â”â”â”â”â”â”â”â”â”â”[0m[37m[0m [1m0s[0m 2ms/step - loss: 684.6892
Epoch 87/100

[1m  1/142[0m [37mâ”â”â”â”â”â”â”â”â”â”â”â”â”â”â”â”â”â”â”â”[0m [1m4s[0m 32ms/step - loss: 9.4675
[1m 36/142[0m [32mâ”â”â”â”â”[0m[37mâ”â”â”â”â”â”â”â”â”â”â”â”â”â”â”[0m [1m0s[0m 2ms/step - loss: 163.3743
[1m 75/142[0m [32mâ”â”â”â”â”â”â”â”â”â”[0m[37mâ”â”â”â”â”â”â”â”â”â”[0m [1m0s[0m 1ms/step - loss: 163.2793
[1m112/142[0m [32mâ”â”â”â”â”â”â”â”â”â”â”â”â”â”â”[0m[37mâ”â”â”â”â”[0m [1m0s[0m 1ms/step - loss: 230.8124
[1m142/142[0m [32mâ”â”â”â”â”â”â”â”â”â”â”â”â”â”â”â”â”â”â”â”[0m[37m[0m [1m0s[0m 1ms/step - loss: 261.0998
Epoch 88/100

[1m  1/142[0m [37mâ”â”â”â”â”â”â”â”â”â”â”â”â”â”â”â”â”â”â”â”[0m [1m4s[0m 29ms/step - loss: 5.7646
[1m 34/142[0m [32mâ”â”â”â”[0m[37mâ”â”â”â”â”â”â”â”â”â”â”â”â”â”â”â”[0m [1m0s[0m 2ms/step - loss: 15155.0586
[1m 73/142[0m [32mâ”â”â”â”â”â”â”â”â”â”[0m[37mâ”â”â”â”â”â”â”â”â”â”[0m [1m0s[0m 1ms/step - loss: 32585.5000
[1m 95/142[0m [32mâ”â”â”â”â”â”â”â”â”â”â”â”â”[0m[37mâ”â”â”â”â”â”â”[0m [1m0s[0m 2ms/step - loss: 40021.9102
[1m112/142[0m [32mâ”â”â”â”â”â”â”â”â”â”â”â”â”â”â”[0m[37mâ”â”â”â”â”[0m [1m0s[0m 2ms/step - loss: 42313.2578
[1m140/142[0m [32mâ”â”â”â”â”â”â”â”â”â”â”â”â”â”â”â”â”â”â”[0m[37mâ”[0m [1m0s[0m 2ms/step - loss: 43943.0547
[1m142/142[0m [32mâ”â”â”â”â”â”â”â”â”â”â”â”â”â”â”â”â”â”â”â”[0m[37m[0m [1m0s[0m 2ms/step - loss: 44331.2852
Epoch 89/100

[1m  1/142[0m [37mâ”â”â”â”â”â”â”â”â”â”â”â”â”â”â”â”â”â”â”â”[0m [1m6s[0m 43ms/step - loss: 12021.3730
[1m 34/142[0m [32mâ”â”â”â”[0m[37mâ”â”â”â”â”â”â”â”â”â”â”â”â”â”â”â”[0m [1m0s[0m 2ms/step - loss: 2306003.7500
[1m 78/142[0m [32mâ”â”â”â”â”â”â”â”â”â”[0m[37mâ”â”â”â”â”â”â”â”â”â”[0m [1m0s[0m 1ms/step - loss: 3303298.7500
[1m123/142[0m [32mâ”â”â”â”â”â”â”â”â”â”â”â”â”â”â”â”â”[0m[37mâ”â”â”[0m [1m0s[0m 1ms/step - loss: 3085717.5000
[1m142/142[0m [32mâ”â”â”â”â”â”â”â”â”â”â”â”â”â”â”â”â”â”â”â”[0m[37m[0m [1m0s[0m 1ms/step - loss: 2941477.2500
Epoch 90/100

[1m  1/142[0m [37mâ”â”â”â”â”â”â”â”â”â”â”â”â”â”â”â”â”â”â”â”[0m [1m4s[0m 31ms/step - loss: 48348.2656
[1m 43/142[0m [32mâ”â”â”â”â”â”[0m[37mâ”â”â”â”â”â”â”â”â”â”â”â”â”â”[0m [1m0s[0m 1ms/step - loss: 21890.3613 
[1m 88/142[0m [32mâ”â”â”â”â”â”â”â”â”â”â”â”[0m[37mâ”â”â”â”â”â”â”â”[0m [1m0s[0m 1ms/step - loss: 18658.8262
[1m136/142[0m [32mâ”â”â”â”â”â”â”â”â”â”â”â”â”â”â”â”â”â”â”[0m[37mâ”[0m [1m0s[0m 1ms/step - loss: 15387.4043
[1m142/142[0m [32mâ”â”â”â”â”â”â”â”â”â”â”â”â”â”â”â”â”â”â”â”[0m[37m[0m [1m0s[0m 1ms/step - loss: 15000.5420
Epoch 91/100

[1m  1/142[0m [37mâ”â”â”â”â”â”â”â”â”â”â”â”â”â”â”â”â”â”â”â”[0m [1m6s[0m 44ms/step - loss: 35.9846
[1m 35/142[0m [32mâ”â”â”â”[0m[37mâ”â”â”â”â”â”â”â”â”â”â”â”â”â”â”â”[0m [1m0s[0m 2ms/step - loss: 331.2237
[1m 73/142[0m [32mâ”â”â”â”â”â”â”â”â”â”[0m[37mâ”â”â”â”â”â”â”â”â”â”[0m [1m0s[0m 2ms/step - loss: 438.5887
[1m124/142[0m [32mâ”â”â”â”â”â”â”â”â”â”â”â”â”â”â”â”â”[0m[37mâ”â”â”[0m [1m0s[0m 1ms/step - loss: 450.0193
[1m142/142[0m [32mâ”â”â”â”â”â”â”â”â”â”â”â”â”â”â”â”â”â”â”â”[0m[37m[0m [1m0s[0m 1ms/step - loss: 438.6133
Epoch 92/100

[1m  1/142[0m [37mâ”â”â”â”â”â”â”â”â”â”â”â”â”â”â”â”â”â”â”â”[0m [1m6s[0m 44ms/step - loss: 5.9178
[1m 33/142[0m [32mâ”â”â”â”[0m[37mâ”â”â”â”â”â”â”â”â”â”â”â”â”â”â”â”[0m [1m0s[0m 2ms/step - loss: 303.8434
[1m 77/142[0m [32mâ”â”â”â”â”â”â”â”â”â”[0m[37mâ”â”â”â”â”â”â”â”â”â”[0m [1m0s[0m 1ms/step - loss: 315.9533
[1m119/142[0m [32mâ”â”â”â”â”â”â”â”â”â”â”â”â”â”â”â”[0m[37mâ”â”â”â”[0m [1m0s[0m 1ms/step - loss: 345.8609
[1m141/142[0m [32mâ”â”â”â”â”â”â”â”â”â”â”â”â”â”â”â”â”â”â”[0m[37mâ”[0m [1m0s[0m 2ms/step - loss: 394.0488
[1m142/142[0m [32mâ”â”â”â”â”â”â”â”â”â”â”â”â”â”â”â”â”â”â”â”[0m[37m[0m [1m0s[0m 2ms/step - loss: 406.0121
Epoch 93/100

[1m  1/142[0m [37mâ”â”â”â”â”â”â”â”â”â”â”â”â”â”â”â”â”â”â”â”[0m [1m7s[0m 55ms/step - loss: 33.7310
[1m 29/142[0m [32mâ”â”â”â”[0m[37mâ”â”â”â”â”â”â”â”â”â”â”â”â”â”â”â”[0m [1m0s[0m 2ms/step - loss: 58377.3438
[1m 67/142[0m [32mâ”â”â”â”â”â”â”â”â”[0m[37mâ”â”â”â”â”â”â”â”â”â”â”[0m [1m0s[0m 2ms/step - loss: 170010.8125
[1m106/142[0m [32mâ”â”â”â”â”â”â”â”â”â”â”â”â”â”[0m[37mâ”â”â”â”â”â”[0m [1m0s[0m 2ms/step - loss: 252802.9375
[1m142/142[0m [32mâ”â”â”â”â”â”â”â”â”â”â”â”â”â”â”â”â”â”â”â”[0m[37m[0m [1m0s[0m 2ms/step - loss: 269079.9062
Epoch 94/100

[1m  1/142[0m [37mâ”â”â”â”â”â”â”â”â”â”â”â”â”â”â”â”â”â”â”â”[0m [1m5s[0m 36ms/step - loss: 18320.5000
[1m 39/142[0m [32mâ”â”â”â”â”[0m[37mâ”â”â”â”â”â”â”â”â”â”â”â”â”â”â”[0m [1m0s[0m 2ms/step - loss: 10553968.0000
[1m 90/142[0m [32mâ”â”â”â”â”â”â”â”â”â”â”â”[0m[37mâ”â”â”â”â”â”â”â”[0m [1m0s[0m 1ms/step - loss: 15937288.0000
[1m133/142[0m [32mâ”â”â”â”â”â”â”â”â”â”â”â”â”â”â”â”â”â”[0m[37mâ”â”[0m [1m0s[0m 1ms/step - loss: 14635547.0000
[1m142/142[0m [32mâ”â”â”â”â”â”â”â”â”â”â”â”â”â”â”â”â”â”â”â”[0m[37m[0m [1m0s[0m 1ms/step - loss: 14285369.0000
Epoch 95/100

[1m  1/142[0m [37mâ”â”â”â”â”â”â”â”â”â”â”â”â”â”â”â”â”â”â”â”[0m [1m6s[0m 47ms/step - loss: 124086.6562
[1m 38/142[0m [32mâ”â”â”â”â”[0m[37mâ”â”â”â”â”â”â”â”â”â”â”â”â”â”â”[0m [1m0s[0m 1ms/step - loss: 204832.1250 
[1m 86/142[0m [32mâ”â”â”â”â”â”â”â”â”â”â”â”[0m[37mâ”â”â”â”â”â”â”â”[0m [1m0s[0m 1ms/step - loss: 207170.2500
[1m133/142[0m [32mâ”â”â”â”â”â”â”â”â”â”â”â”â”â”â”â”â”â”[0m[37mâ”â”[0m [1m0s[0m 1ms/step - loss: 176172.2500
[1m142/142[0m [32mâ”â”â”â”â”â”â”â”â”â”â”â”â”â”â”â”â”â”â”â”[0m[37m[0m [1m0s[0m 1ms/step - loss: 170604.6875
Epoch 96/100

[1m  1/142[0m [37mâ”â”â”â”â”â”â”â”â”â”â”â”â”â”â”â”â”â”â”â”[0m [1m6s[0m 49ms/step - loss: 733.8789
[1m 50/142[0m [32mâ”â”â”â”â”â”â”[0m[37mâ”â”â”â”â”â”â”â”â”â”â”â”â”[0m [1m0s[0m 1ms/step - loss: 1692.7166
[1m 86/142[0m [32mâ”â”â”â”â”â”â”â”â”â”â”â”[0m[37mâ”â”â”â”â”â”â”â”[0m [1m0s[0m 1ms/step - loss: 1258.6110
[1m125/142[0m [32mâ”â”â”â”â”â”â”â”â”â”â”â”â”â”â”â”â”[0m[37mâ”â”â”[0m [1m0s[0m 1ms/step - loss: 1017.0187
[1m142/142[0m [32mâ”â”â”â”â”â”â”â”â”â”â”â”â”â”â”â”â”â”â”â”[0m[37m[0m [1m0s[0m 1ms/step - loss: 950.8193 
Epoch 97/100

[1m  1/142[0m [37mâ”â”â”â”â”â”â”â”â”â”â”â”â”â”â”â”â”â”â”â”[0m [1m4s[0m 33ms/step - loss: 8.3011
[1m 41/142[0m [32mâ”â”â”â”â”[0m[37mâ”â”â”â”â”â”â”â”â”â”â”â”â”â”â”[0m [1m0s[0m 1ms/step - loss: 1137.7544
[1m 79/142[0m [32mâ”â”â”â”â”â”â”â”â”â”â”[0m[37mâ”â”â”â”â”â”â”â”â”[0m [1m0s[0m 1ms/step - loss: 1748.4700
[1m116/142[0m [32mâ”â”â”â”â”â”â”â”â”â”â”â”â”â”â”â”[0m[37mâ”â”â”â”[0m [1m0s[0m 1ms/step - loss: 1781.3992
[1m142/142[0m [32mâ”â”â”â”â”â”â”â”â”â”â”â”â”â”â”â”â”â”â”â”[0m[37m[0m [1m0s[0m 1ms/step - loss: 1709.4424
Epoch 98/100

[1m  1/142[0m [37mâ”â”â”â”â”â”â”â”â”â”â”â”â”â”â”â”â”â”â”â”[0m [1m4s[0m 35ms/step - loss: 18.2142
[1m 36/142[0m [32mâ”â”â”â”â”[0m[37mâ”â”â”â”â”â”â”â”â”â”â”â”â”â”â”[0m [1m0s[0m 1ms/step - loss: 67.2005 
[1m 72/142[0m [32mâ”â”â”â”â”â”â”â”â”â”[0m[37mâ”â”â”â”â”â”â”â”â”â”[0m [1m0s[0m 1ms/step - loss: 167.0637
[1m108/142[0m [32mâ”â”â”â”â”â”â”â”â”â”â”â”â”â”â”[0m[37mâ”â”â”â”â”[0m [1m0s[0m 1ms/step - loss: 195.9867
[1m142/142[0m [32mâ”â”â”â”â”â”â”â”â”â”â”â”â”â”â”â”â”â”â”â”[0m[37m[0m [1m0s[0m 1ms/step - loss: 196.1579
Epoch 99/100

[1m  1/142[0m [37mâ”â”â”â”â”â”â”â”â”â”â”â”â”â”â”â”â”â”â”â”[0m [1m4s[0m 32ms/step - loss: 10.5413
[1m 37/142[0m [32mâ”â”â”â”â”[0m[37mâ”â”â”â”â”â”â”â”â”â”â”â”â”â”â”[0m [1m0s[0m 1ms/step - loss: 969.7177
[1m 82/142[0m [32mâ”â”â”â”â”â”â”â”â”â”â”[0m[37mâ”â”â”â”â”â”â”â”â”[0m [1m0s[0m 1ms/step - loss: 2251.9829
[1m124/142[0m [32mâ”â”â”â”â”â”â”â”â”â”â”â”â”â”â”â”â”[0m[37mâ”â”â”[0m [1m0s[0m 1ms/step - loss: 2742.4290
[1m142/142[0m [32mâ”â”â”â”â”â”â”â”â”â”â”â”â”â”â”â”â”â”â”â”[0m[37m[0m [1m0s[0m 1ms/step - loss: 2813.5789
Epoch 100/100

[1m  1/142[0m [37mâ”â”â”â”â”â”â”â”â”â”â”â”â”â”â”â”â”â”â”â”[0m [1m5s[0m 38ms/step - loss: 278.7700
[1m  9/142[0m [32mâ”[0m[37mâ”â”â”â”â”â”â”â”â”â”â”â”â”â”â”â”â”â”â”[0m [1m1s[0m 8ms/step - loss: 330.5226 
[1m 18/142[0m [32mâ”â”[0m[37mâ”â”â”â”â”â”â”â”â”â”â”â”â”â”â”â”â”â”[0m [1m0s[0m 7ms/step - loss: 375.9407
[1m 26/142[0m [32mâ”â”â”[0m[37mâ”â”â”â”â”â”â”â”â”â”â”â”â”â”â”â”â”[0m [1m0s[0m 7ms/step - loss: 1541.0505
[1m 34/142[0m [32mâ”â”â”â”[0m[37mâ”â”â”â”â”â”â”â”â”â”â”â”â”â”â”â”[0m [1m0s[0m 7ms/step - loss: 2974.3250
[1m 63/142[0m [32mâ”â”â”â”â”â”â”â”[0m[37mâ”â”â”â”â”â”â”â”â”â”â”â”[0m [1m0s[0m 4ms/step - loss: 5043.9326
[1m 73/142[0m [32mâ”â”â”â”â”â”â”â”â”â”[0m[37mâ”â”â”â”â”â”â”â”â”â”[0m [1m0s[0m 5ms/step - loss: 5148.9712
[1m 88/142[0m [32mâ”â”â”â”â”â”â”â”â”â”â”â”[0m[37mâ”â”â”â”â”â”â”â”[0m [1m0s[0m 4ms/step - loss: 5129.7969
[1m107/142[0m [32mâ”â”â”â”â”â”â”â”â”â”â”â”â”â”â”[0m[37mâ”â”â”â”â”[0m [1m0s[0m 4ms/step - loss: 4973.4331
[1m128/142[0m [32mâ”â”â”â”â”â”â”â”â”â”â”â”â”â”â”â”â”â”[0m[37mâ”â”[0m [1m0s[0m 4ms/step - loss: 4745.4546
[1m142/142[0m [32mâ”â”â”â”â”â”â”â”â”â”â”â”â”â”â”â”â”â”â”â”[0m[37m[0m [1m1s[0m 4ms/step - loss: 4575.2827
Model training completed.
WARNING:absl:You are saving your model as an HDF5 file via `model.save()` or `keras.saving.save_model(model)`. This file format is considered legacy. We recommend using instead the native Keras format, e.g. `model.save('my_model.keras')` or `keras.saving.save_model(model, 'my_model.keras')`. 
Model saved successfully.
Starting predictions...

[1m1/4[0m [32mâ”â”â”â”â”[0m[37mâ”â”â”â”â”â”â”â”â”â”â”â”â”â”â”[0m [1m0s[0m 305ms/step
[1m4/4[0m [32mâ”â”â”â”â”â”â”â”â”â”â”â”â”â”â”â”â”â”â”â”[0m[37m[0m [1m0s[0m 92ms/step 
[1m4/4[0m [32mâ”â”â”â”â”â”â”â”â”â”â”â”â”â”â”â”â”â”â”â”[0m[37m[0m [1m1s[0m 92ms/step
Predictions completed.
Predictions: [[ 7.31977  ]
 [ 8.722114 ]
 [ 8.026801 ]
 [ 7.8002386]
 [ 9.167426 ]
 [ 7.8939886]
 [ 8.628364 ]
 [ 9.183051 ]
 [10.651801 ]
 [ 9.854926 ]
 [ 8.433051 ]
 [ 7.5971136]
 [10.597114 ]
 [ 7.7221136]
 [ 7.6908636]
 [ 7.10102  ]
 [ 7.558051 ]
 [ 7.089301 ]
 [ 7.073676 ]
 [ 7.210395 ]
 [10.776801 ]
 [14.901801 ]
 [12.120551 ]
 [ 7.5814886]
 [ 9.112739 ]
 [10.542426 ]
 [ 9.878364 ]
 [ 7.9721136]
 [ 7.104926 ]
 [ 9.464301 ]
 [ 8.620551 ]
 [ 6.9877386]
 [ 6.761176 ]
 [ 7.511176 ]
 [11.042426 ]
 [10.495551 ]
 [11.542426 ]
 [11.573676 ]
 [ 8.604926 ]
 [ 7.870551 ]
 [ 7.5033636]
 [ 6.401801 ]
 [ 8.003364 ]
 [ 7.304145 ]
 [ 6.054145 ]
 [ 6.620551 ]
 [ 6.4369574]
 [ 7.0814886]
 [11.323676 ]
 [ 6.991645 ]
 [ 7.276801 ]
 [ 7.3744574]
 [ 8.393989 ]
 [ 7.19477  ]
 [ 9.104926 ]
 [ 7.714301 ]
 [11.604926 ]
 [ 8.628364 ]
 [ 7.9877386]
 [ 7.7221136]
 [ 7.229926 ]
 [ 7.573676 ]
 [ 9.690864 ]
 [ 7.6908636]
 [ 7.1400824]
 [ 6.710395 ]
 [ 5.8783636]
 [ 7.964301 ]
 [ 6.370551 ]
 [ 6.964301 ]
 [ 5.354926 ]
 [ 7.964301 ]
 [ 6.823676 ]
 [ 8.854926 ]
 [ 8.308051 ]
 [ 8.190864 ]
 [ 7.917426 ]
 [ 7.2338324]
 [ 9.151801 ]
 [ 8.597114 ]
 [ 8.589301 ]
 [ 8.065864 ]
 [10.300239 ]
 [12.933051 ]
 [10.042426 ]
 [ 9.495551 ]
 [ 8.143989 ]
 [ 8.370551 ]
 [ 7.8158636]
 [ 8.620551 ]
 [ 8.284614 ]
 [10.362739 ]
 [10.245551 ]
 [ 9.206489 ]
 [ 8.261176 ]
 [ 8.573676 ]
 [ 8.456489 ]
 [ 9.698676 ]
 [10.284614 ]
 [ 7.9408636]
 [ 8.112739 ]
 [ 7.6439886]
 [ 6.835395 ]
 [ 7.9096136]
 [ 7.933051 ]
 [ 7.120551 ]
 [ 7.917426 ]
 [ 7.0346136]
 [ 7.3314886]
 [ 6.8627386]
 [ 7.7377386]
 [ 7.9096136]
 [ 8.401801 ]
 [ 8.558051 ]
 [ 7.339301 ]
 [ 7.2846136]
 [ 8.315864 ]
 [ 6.63227  ]
 [ 7.542426 ]
 [ 8.089301 ]
 [ 6.5463324]
 [ 7.3744574]
 [ 7.4994574]
 [ 7.25727  ]
 [ 8.143989 ]
 [ 5.7514105]]
y_pred.npy file created successfully.
dates.npy file created successfully.
